2019-06-16 00:09:28,829 [1] XNuvem.UI.Navigation.DefaultMenuManager - NotImplementedException thrown from IMenuProvider by Tecnu.Navigation.ModuleMenu
System.NotImplementedException: O método ou a operação não está implementada.
   em Tecnu.Navigation.ModuleMenu.BuildMenu(MenuBuilder builder) na D:\Projetos\Tecnu\XNuvem.Web\Modules\Tecnu\Navigation\ModuleMenu.cs:linha 9
   em XNuvem.UI.Navigation.DefaultMenuManager.<BuildMenu>b__7_0(IMenuProvider m) na D:\Projetos\Tecnu\XNuvem.Framework\UI\Navigation\DefaultMenuManager.cs:linha 23
   em XNuvem.Utility.Extensions.InvokeExtensions.Invoke[TEvents](IEnumerable`1 events, Action`1 dispatch, ILogger logger) na D:\Projetos\Tecnu\XNuvem.Framework\Utility\Extensions\InvokeExtensions.cs:linha 30
2019-06-16 00:09:28,882 [1] XNuvem.Environment.DefaultShellEventHandler - On application initialize
2019-06-16 00:09:29,055 [9] XNuvem.Environment.Configuration.ShellSettingsManager - Loading shell configurations
2019-06-16 00:09:29,247 [9] XNuvem.Environment.DefaultShellEventHandler - On begin request - http://localhost:8090/
2019-06-16 00:09:29,279 [9] XNuvem.Data.SessionFactoryHolder - Building session factory
2019-06-16 00:09:29,284 [9] XNuvem.Data.SessionFactoryHolder - Building configuration
2019-06-16 00:09:29,290 [9] XNuvem.Data.Providers.DefaultDataServiceProvider - Build database configuration
2019-06-16 00:09:29,294 [9] XNuvem.Data.Providers.SessionConfigurationCache - Get configuration cache
2019-06-16 00:09:31,030 [9] XNuvem.Data.Providers.SessionConfigurationCache - Setting configuration cache
2019-06-16 00:09:31,225 [9] XNuvem.Data.Providers.DefaultDataServiceProvider - Done build database configuration
2019-06-16 00:09:31,230 [9] XNuvem.Data.SessionFactoryHolder - Done Building configuration
2019-06-16 00:09:31,754 [9] XNuvem.Data.SessionFactoryHolder - Done building session factory
2019-06-16 00:09:31,758 [9] XNuvem.Data.TransactionManager - Opening NHibernate session
2019-06-16 00:09:32,270 [9] XNuvem.Data.TransactionManager - Committing transaction
2019-06-16 00:09:32,290 [9] XNuvem.Data.TransactionManager - Disposing session
2019-06-16 00:09:32,367 [9] XNuvem.Environment.DefaultShellEventHandler - On end request - http://localhost:8090/
2019-06-16 00:09:32,394 [11] XNuvem.Environment.DefaultShellEventHandler - On begin request - http://localhost:8090/login?ReturnUrl=%2F
2019-06-16 00:09:32,400 [11] XNuvem.Data.SessionFactoryHolder - Building session factory
2019-06-16 00:09:32,405 [11] XNuvem.Data.SessionFactoryHolder - Building configuration
2019-06-16 00:09:32,411 [11] XNuvem.Data.Providers.DefaultDataServiceProvider - Build database configuration
2019-06-16 00:09:32,416 [11] XNuvem.Data.Providers.SessionConfigurationCache - Get configuration cache
2019-06-16 00:09:32,481 [11] XNuvem.Data.SessionFactoryHolder - Done Building configuration
2019-06-16 00:09:32,499 [11] XNuvem.Data.SessionFactoryHolder - Done building session factory
2019-06-16 00:09:32,505 [11] XNuvem.Data.TransactionManager - Opening NHibernate session
2019-06-16 00:09:38,390 [11] XNuvem.Data.TransactionManager - Committing transaction
2019-06-16 00:09:38,396 [11] XNuvem.Data.TransactionManager - Disposing session
2019-06-16 00:09:38,400 [11] XNuvem.Environment.DefaultShellEventHandler - On end request - http://localhost:8090/login?ReturnUrl=%2F
2019-06-16 00:10:29,106 [14] XNuvem.Environment.DefaultShellEventHandler - On begin request - http://localhost:8090/settingsinstall/install
2019-06-16 00:10:29,115 [14] XNuvem.Data.SessionFactoryHolder - Building session factory
2019-06-16 00:10:29,121 [14] XNuvem.Data.SessionFactoryHolder - Building configuration
2019-06-16 00:10:29,126 [14] XNuvem.Data.Providers.DefaultDataServiceProvider - Build database configuration
2019-06-16 00:10:29,130 [14] XNuvem.Data.Providers.SessionConfigurationCache - Get configuration cache
2019-06-16 00:10:29,149 [14] XNuvem.Data.SessionFactoryHolder - Done Building configuration
2019-06-16 00:10:29,166 [14] XNuvem.Data.SessionFactoryHolder - Done building session factory
2019-06-16 00:10:29,170 [14] XNuvem.Data.TransactionManager - Opening NHibernate session
2019-06-16 00:10:29,186 [14] XNuvem.Data.Providers.DefaultDataServiceProvider - Build database configuration
2019-06-16 00:10:29,190 [14] XNuvem.Data.Providers.SessionConfigurationCache - Get configuration cache
2019-06-16 00:10:29,410 [14] NHibernate.Tool.hbm2ddl.SchemaValidator - could not complete schema validation
NHibernate.HibernateException: Missing table: AspNetUserClaims
   em NHibernate.Cfg.Configuration.ValidateSchema(Dialect dialect, DatabaseMetadata databaseMetadata)
   em NHibernate.Tool.hbm2ddl.SchemaValidator.Validate()
2019-06-16 00:10:29,471 [14] XNuvem.Data.Schema.DefaultSchemaUpdate - Erro ao validar o schema
NHibernate.HibernateException: Missing table: AspNetUserClaims
   em NHibernate.Cfg.Configuration.ValidateSchema(Dialect dialect, DatabaseMetadata databaseMetadata)
   em NHibernate.Tool.hbm2ddl.SchemaValidator.Validate()
   em XNuvem.Data.Schema.DefaultSchemaUpdate.HasUpdates() na D:\Projetos\Tecnu\XNuvem.Framework\Data\Schema\DefaultSchemaUpdate.cs:linha 43
2019-06-16 00:10:34,302 [14] XNuvem.Data.TransactionManager - Committing transaction
2019-06-16 00:10:34,310 [14] XNuvem.Data.TransactionManager - Disposing session
2019-06-16 00:10:34,315 [14] XNuvem.Environment.DefaultShellEventHandler - On end request - http://localhost:8090/settingsinstall/install
2019-06-16 00:11:30,065 [11] XNuvem.Environment.DefaultShellEventHandler - On begin request - http://localhost:8090/settings/install/install
2019-06-16 00:11:30,079 [11] XNuvem.Data.SessionFactoryHolder - Building session factory
2019-06-16 00:11:30,092 [11] XNuvem.Data.SessionFactoryHolder - Building configuration
2019-06-16 00:11:30,101 [11] XNuvem.Data.Providers.DefaultDataServiceProvider - Build database configuration
2019-06-16 00:11:30,106 [11] XNuvem.Data.Providers.SessionConfigurationCache - Get configuration cache
2019-06-16 00:11:30,153 [11] XNuvem.Data.SessionFactoryHolder - Done Building configuration
2019-06-16 00:11:30,171 [11] XNuvem.Data.SessionFactoryHolder - Done building session factory
2019-06-16 00:11:30,175 [11] XNuvem.Data.TransactionManager - Opening NHibernate session
2019-06-16 00:11:30,248 [11] XNuvem.Data.Providers.DefaultDataServiceProvider - Build database configuration
2019-06-16 00:11:30,253 [11] XNuvem.Data.Providers.SessionConfigurationCache - Get configuration cache
2019-06-16 00:11:30,276 [11] NHibernate.Tool.hbm2ddl.SchemaValidator - could not complete schema validation
NHibernate.HibernateException: Missing table: AspNetUserClaims
   em NHibernate.Cfg.Configuration.ValidateSchema(Dialect dialect, DatabaseMetadata databaseMetadata)
   em NHibernate.Tool.hbm2ddl.SchemaValidator.Validate()
2019-06-16 00:11:30,356 [11] XNuvem.Data.Schema.DefaultSchemaUpdate - Erro ao validar o schema
NHibernate.HibernateException: Missing table: AspNetUserClaims
   em NHibernate.Cfg.Configuration.ValidateSchema(Dialect dialect, DatabaseMetadata databaseMetadata)
   em NHibernate.Tool.hbm2ddl.SchemaValidator.Validate()
   em XNuvem.Data.Schema.DefaultSchemaUpdate.HasUpdates() na D:\Projetos\Tecnu\XNuvem.Framework\Data\Schema\DefaultSchemaUpdate.cs:linha 43
2019-06-16 00:11:30,361 [11] XNuvem.Environment.Configuration.ShellSettingsManager - Storing configuration settings.
2019-06-16 00:11:30,385 [11] XNuvem.Data.Schema.DefaultSchemaUpdate - Start creating database
2019-06-16 00:11:30,390 [11] XNuvem.FileSystems.AppData.AppDataFolder - Deleting file "mappings.bin" from "App_Data" folder
2019-06-16 00:11:30,400 [11] XNuvem.Environment.Configuration.ShellSettingsManager - Loading shell configurations
2019-06-16 00:11:30,422 [11] XNuvem.Data.Providers.DefaultDataServiceProvider - Build database configuration
2019-06-16 00:11:30,425 [11] XNuvem.Data.Providers.SessionConfigurationCache - Get configuration cache
2019-06-16 00:11:31,061 [11] XNuvem.Environment.Configuration.ShellSettingsManager - Storing configuration settings.
2019-06-16 00:11:31,081 [11] XNuvem.Data.Schema.DefaultSchemaUpdate - End create database
2019-06-16 00:11:31,088 [11] XNuvem.Data.TransactionManager - Committing transaction
2019-06-16 00:11:31,093 [11] XNuvem.Data.TransactionManager - Disposing session
2019-06-16 00:11:31,097 [11] XNuvem.Data.TransactionManager - Opening NHibernate session
2019-06-16 00:11:31,109 [11] XNuvem.Data.Repository`1[[XNuvem.Data.Schema.MigrationHistory, XNuvem.Framework, Version=1.0.0.0, Culture=neutral, PublicKeyToken=null]] - Create XNuvem.Data.Schema.MigrationHistory
2019-06-16 00:11:31,211 [11] XNuvem.Data.TransactionManager - Committing transaction
2019-06-16 00:11:31,282 [11] XNuvem.Data.TransactionManager - Disposing session
2019-06-16 00:11:31,286 [11] XNuvem.Data.TransactionManager - Opening NHibernate session
2019-06-16 00:11:32,774 [12] XNuvem.Security.XNuvemUserService - Creating identity for user George
2019-06-16 00:11:32,839 [10] XNuvem.Data.TransactionManager - Committing transaction
2019-06-16 00:11:32,893 [10] XNuvem.Data.TransactionManager - Disposing session
2019-06-16 00:11:32,898 [10] XNuvem.Data.TransactionManager - Opening NHibernate session
2019-06-16 00:11:32,918 [11] XNuvem.Data.TransactionManager - Committing transaction
2019-06-16 00:11:32,923 [11] XNuvem.Data.TransactionManager - Disposing session
2019-06-16 00:11:32,951 [11] XNuvem.Environment.DefaultShellEventHandler - On end request - http://localhost:8090/settings/install/install
2019-06-16 00:11:32,961 [12] XNuvem.Environment.Configuration.ShellSettingsManager - Loading shell configurations
2019-06-16 00:11:32,974 [12] XNuvem.Environment.DefaultShellEventHandler - On begin request - http://localhost:8090/
2019-06-16 00:11:32,980 [12] XNuvem.Data.SessionFactoryHolder - Building session factory
2019-06-16 00:11:32,985 [12] XNuvem.Data.SessionFactoryHolder - Building configuration
2019-06-16 00:11:32,990 [12] XNuvem.Data.Providers.DefaultDataServiceProvider - Build database configuration
2019-06-16 00:11:32,996 [12] XNuvem.Data.Providers.SessionConfigurationCache - Get configuration cache
2019-06-16 00:11:33,034 [12] XNuvem.Data.Providers.SessionConfigurationCache - Setting configuration cache
2019-06-16 00:11:33,092 [12] XNuvem.Data.Providers.DefaultDataServiceProvider - Done build database configuration
2019-06-16 00:11:33,098 [12] XNuvem.Data.SessionFactoryHolder - Done Building configuration
2019-06-16 00:11:33,117 [12] XNuvem.Data.SessionFactoryHolder - Done building session factory
2019-06-16 00:11:33,120 [12] XNuvem.Data.TransactionManager - Opening NHibernate session
2019-06-16 00:11:38,732 [12] XNuvem.Data.TransactionManager - Committing transaction
2019-06-16 00:11:38,740 [12] XNuvem.Data.TransactionManager - Disposing session
2019-06-16 00:11:38,744 [12] XNuvem.Environment.DefaultShellEventHandler - On end request - http://localhost:8090/
2019-06-16 00:13:05,822 [10] XNuvem.Environment.DefaultShellEventHandler - On begin request - http://localhost:8090/settings/security/useredit
2019-06-16 00:13:05,829 [10] XNuvem.Data.SessionFactoryHolder - Building session factory
2019-06-16 00:13:05,839 [10] XNuvem.Data.SessionFactoryHolder - Building configuration
2019-06-16 00:13:05,846 [10] XNuvem.Data.Providers.DefaultDataServiceProvider - Build database configuration
2019-06-16 00:13:05,852 [10] XNuvem.Data.Providers.SessionConfigurationCache - Get configuration cache
2019-06-16 00:13:05,870 [10] XNuvem.Data.SessionFactoryHolder - Done Building configuration
2019-06-16 00:13:05,887 [10] XNuvem.Data.SessionFactoryHolder - Done building session factory
2019-06-16 00:13:05,890 [10] XNuvem.Data.TransactionManager - Opening NHibernate session
2019-06-16 00:13:08,748 [10] XNuvem.Data.TransactionManager - Committing transaction
2019-06-16 00:13:08,755 [10] XNuvem.Data.TransactionManager - Disposing session
2019-06-16 00:13:08,759 [10] XNuvem.Environment.DefaultShellEventHandler - On end request - http://localhost:8090/settings/security/useredit
2019-06-16 00:13:33,186 [12] XNuvem.Environment.DefaultShellEventHandler - On begin request - http://localhost:8090/settings/security/userlist
2019-06-16 00:13:33,193 [12] XNuvem.Data.SessionFactoryHolder - Building session factory
2019-06-16 00:13:33,200 [12] XNuvem.Data.SessionFactoryHolder - Building configuration
2019-06-16 00:13:33,206 [12] XNuvem.Data.Providers.DefaultDataServiceProvider - Build database configuration
2019-06-16 00:13:33,211 [12] XNuvem.Data.Providers.SessionConfigurationCache - Get configuration cache
2019-06-16 00:13:33,233 [12] XNuvem.Data.SessionFactoryHolder - Done Building configuration
2019-06-16 00:13:33,285 [12] XNuvem.Data.SessionFactoryHolder - Done building session factory
2019-06-16 00:13:33,288 [12] XNuvem.Data.TransactionManager - Opening NHibernate session
2019-06-16 00:13:35,980 [12] XNuvem.Data.TransactionManager - Committing transaction
2019-06-16 00:13:35,990 [12] XNuvem.Data.TransactionManager - Disposing session
2019-06-16 00:13:35,995 [12] XNuvem.Environment.DefaultShellEventHandler - On end request - http://localhost:8090/settings/security/userlist
2019-06-16 00:13:36,693 [8] XNuvem.Environment.DefaultShellEventHandler - On begin request - http://localhost:8090/settings/security/userlist
2019-06-16 00:13:36,703 [8] XNuvem.Data.SessionFactoryHolder - Building session factory
2019-06-16 00:13:36,709 [8] XNuvem.Data.SessionFactoryHolder - Building configuration
2019-06-16 00:13:36,720 [8] XNuvem.Data.Providers.DefaultDataServiceProvider - Build database configuration
2019-06-16 00:13:36,729 [8] XNuvem.Data.Providers.SessionConfigurationCache - Get configuration cache
2019-06-16 00:13:36,764 [8] XNuvem.Data.SessionFactoryHolder - Done Building configuration
2019-06-16 00:13:36,812 [8] XNuvem.Data.SessionFactoryHolder - Done building session factory
2019-06-16 00:13:36,823 [8] XNuvem.Data.TransactionManager - Opening NHibernate session
2019-06-16 00:13:37,015 [10] XNuvem.Data.TransactionManager - Committing transaction
2019-06-16 00:13:37,023 [10] XNuvem.Data.TransactionManager - Disposing session
2019-06-16 00:13:37,029 [10] XNuvem.Environment.DefaultShellEventHandler - On end request - http://localhost:8090/settings/security/userlist
2019-06-16 00:14:03,415 [10] XNuvem.Environment.DefaultShellEventHandler - On begin request - http://localhost:8090/account/signout
2019-06-16 00:14:03,435 [10] XNuvem.Data.SessionFactoryHolder - Building session factory
2019-06-16 00:14:03,445 [10] XNuvem.Data.SessionFactoryHolder - Building configuration
2019-06-16 00:14:03,449 [10] XNuvem.Data.Providers.DefaultDataServiceProvider - Build database configuration
2019-06-16 00:14:03,453 [10] XNuvem.Data.Providers.SessionConfigurationCache - Get configuration cache
2019-06-16 00:14:03,471 [10] XNuvem.Data.SessionFactoryHolder - Done Building configuration
2019-06-16 00:14:03,497 [10] XNuvem.Data.SessionFactoryHolder - Done building session factory
2019-06-16 00:14:03,503 [10] XNuvem.Data.TransactionManager - Opening NHibernate session
2019-06-16 00:14:03,521 [10] XNuvem.Data.TransactionManager - Committing transaction
2019-06-16 00:14:03,529 [10] XNuvem.Data.TransactionManager - Disposing session
2019-06-16 00:14:03,539 [10] XNuvem.Environment.DefaultShellEventHandler - On end request - http://localhost:8090/account/signout
2019-06-16 00:14:03,552 [14] XNuvem.Environment.DefaultShellEventHandler - On begin request - http://localhost:8090/
2019-06-16 00:14:03,559 [14] XNuvem.Data.SessionFactoryHolder - Building session factory
2019-06-16 00:14:03,566 [14] XNuvem.Data.SessionFactoryHolder - Building configuration
2019-06-16 00:14:03,573 [14] XNuvem.Data.Providers.DefaultDataServiceProvider - Build database configuration
2019-06-16 00:14:03,583 [14] XNuvem.Data.Providers.SessionConfigurationCache - Get configuration cache
2019-06-16 00:14:03,621 [14] XNuvem.Data.SessionFactoryHolder - Done Building configuration
2019-06-16 00:14:03,644 [14] XNuvem.Data.SessionFactoryHolder - Done building session factory
2019-06-16 00:14:03,649 [14] XNuvem.Data.TransactionManager - Opening NHibernate session
2019-06-16 00:14:03,663 [14] XNuvem.Data.TransactionManager - Committing transaction
2019-06-16 00:14:03,670 [14] XNuvem.Data.TransactionManager - Disposing session
2019-06-16 00:14:03,677 [14] XNuvem.Environment.DefaultShellEventHandler - On end request - http://localhost:8090/
2019-06-16 00:14:03,689 [10] XNuvem.Environment.DefaultShellEventHandler - On begin request - http://localhost:8090/login?ReturnUrl=%2F
2019-06-16 00:14:03,700 [10] XNuvem.Data.SessionFactoryHolder - Building session factory
2019-06-16 00:14:03,705 [10] XNuvem.Data.SessionFactoryHolder - Building configuration
2019-06-16 00:14:03,711 [10] XNuvem.Data.Providers.DefaultDataServiceProvider - Build database configuration
2019-06-16 00:14:03,719 [10] XNuvem.Data.Providers.SessionConfigurationCache - Get configuration cache
2019-06-16 00:14:03,755 [10] XNuvem.Data.SessionFactoryHolder - Done Building configuration
2019-06-16 00:14:03,786 [10] XNuvem.Data.SessionFactoryHolder - Done building session factory
2019-06-16 00:14:03,796 [10] XNuvem.Data.TransactionManager - Opening NHibernate session
2019-06-16 00:14:03,833 [10] XNuvem.Data.TransactionManager - Committing transaction
2019-06-16 00:14:03,846 [10] XNuvem.Data.TransactionManager - Disposing session
2019-06-16 00:14:03,854 [10] XNuvem.Environment.DefaultShellEventHandler - On end request - http://localhost:8090/login?ReturnUrl=%2F
2019-06-16 11:46:26,544 [1] XNuvem.UI.Navigation.DefaultMenuManager - ArgumentException thrown from IMenuProvider by Tecnu.Navigation.ModuleMenu
System.ArgumentException: Já foi adicionado um item com a mesma chave.
   em System.ThrowHelper.ThrowArgumentException(ExceptionResource resource)
   em System.Collections.Generic.Dictionary`2.Insert(TKey key, TValue value, Boolean add)
   em System.Collections.Generic.Dictionary`2.Add(TKey key, TValue value)
   em XNuvem.UI.Navigation.MenuBuilder.Add(MenuEntry menu) na D:\Projetos\Tecnu\XNuvem.Framework\UI\Navigation\MenuBuilder.cs:linha 30
   em XNuvem.UI.Navigation.MenuBuilderExtensions.AddGroup(MenuBuilder _this, String position, String title) na D:\Projetos\Tecnu\XNuvem.Framework\UI\Navigation\MenuBuilderExtensions.cs:linha 72
   em Tecnu.Navigation.ModuleMenu.BuildMenu(MenuBuilder builder) na D:\Projetos\Tecnu\XNuvem.Web\Modules\Tecnu\Navigation\ModuleMenu.cs:linha 15
   em XNuvem.UI.Navigation.DefaultMenuManager.<BuildMenu>b__7_0(IMenuProvider m) na D:\Projetos\Tecnu\XNuvem.Framework\UI\Navigation\DefaultMenuManager.cs:linha 23
   em XNuvem.Utility.Extensions.InvokeExtensions.Invoke[TEvents](IEnumerable`1 events, Action`1 dispatch, ILogger logger) na D:\Projetos\Tecnu\XNuvem.Framework\Utility\Extensions\InvokeExtensions.cs:linha 30
2019-06-16 11:46:26,587 [1] XNuvem.Environment.DefaultShellEventHandler - On application initialize
2019-06-16 11:46:26,780 [5] XNuvem.Environment.Configuration.ShellSettingsManager - Loading shell configurations
2019-06-16 11:46:27,016 [5] XNuvem.Environment.DefaultShellEventHandler - On begin request - http://localhost:8090/
2019-06-16 11:46:27,125 [5] XNuvem.Data.SessionFactoryHolder - Building session factory
2019-06-16 11:46:27,133 [5] XNuvem.Data.SessionFactoryHolder - Building configuration
2019-06-16 11:46:27,141 [5] XNuvem.Data.Providers.DefaultDataServiceProvider - Build database configuration
2019-06-16 11:46:27,146 [5] XNuvem.Data.Providers.SessionConfigurationCache - Get configuration cache
2019-06-16 11:46:27,166 [5] XNuvem.Data.Providers.SessionConfigurationCache - The cached NHibernate configuration is out of date. A new one will be re-generated.
2019-06-16 11:46:29,167 [5] XNuvem.Data.Providers.SessionConfigurationCache - Setting configuration cache
2019-06-16 11:46:29,395 [5] XNuvem.Data.Providers.DefaultDataServiceProvider - Done build database configuration
2019-06-16 11:46:29,404 [5] XNuvem.Data.SessionFactoryHolder - Done Building configuration
2019-06-16 11:46:29,981 [5] XNuvem.Data.SessionFactoryHolder - Done building session factory
2019-06-16 11:46:29,985 [5] XNuvem.Data.TransactionManager - Opening NHibernate session
2019-06-16 11:46:30,476 [5] XNuvem.Data.TransactionManager - Committing transaction
2019-06-16 11:46:30,515 [5] XNuvem.Data.TransactionManager - Disposing session
2019-06-16 11:46:30,565 [5] XNuvem.Environment.DefaultShellEventHandler - On end request - http://localhost:8090/
2019-06-16 11:46:30,594 [7] XNuvem.Environment.DefaultShellEventHandler - On begin request - http://localhost:8090/login?ReturnUrl=%2F
2019-06-16 11:46:30,600 [7] XNuvem.Data.SessionFactoryHolder - Building session factory
2019-06-16 11:46:30,604 [7] XNuvem.Data.SessionFactoryHolder - Building configuration
2019-06-16 11:46:30,612 [7] XNuvem.Data.Providers.DefaultDataServiceProvider - Build database configuration
2019-06-16 11:46:30,623 [7] XNuvem.Data.Providers.SessionConfigurationCache - Get configuration cache
2019-06-16 11:46:30,710 [7] XNuvem.Data.SessionFactoryHolder - Done Building configuration
2019-06-16 11:46:30,764 [7] XNuvem.Data.SessionFactoryHolder - Done building session factory
2019-06-16 11:46:30,767 [7] XNuvem.Data.TransactionManager - Opening NHibernate session
2019-06-16 11:46:36,567 [7] XNuvem.Data.TransactionManager - Committing transaction
2019-06-16 11:46:36,573 [7] XNuvem.Data.TransactionManager - Disposing session
2019-06-16 11:46:36,577 [7] XNuvem.Environment.DefaultShellEventHandler - On end request - http://localhost:8090/login?ReturnUrl=%2F
2019-06-16 11:46:47,100 [6] XNuvem.Environment.DefaultShellEventHandler - On begin request - http://localhost:8090/login?ReturnUrl=%2F
2019-06-16 11:46:47,109 [6] XNuvem.Data.SessionFactoryHolder - Building session factory
2019-06-16 11:46:47,116 [6] XNuvem.Data.SessionFactoryHolder - Building configuration
2019-06-16 11:46:47,123 [6] XNuvem.Data.Providers.DefaultDataServiceProvider - Build database configuration
2019-06-16 11:46:47,127 [6] XNuvem.Data.Providers.SessionConfigurationCache - Get configuration cache
2019-06-16 11:46:47,147 [6] XNuvem.Data.SessionFactoryHolder - Done Building configuration
2019-06-16 11:46:47,165 [6] XNuvem.Data.SessionFactoryHolder - Done building session factory
2019-06-16 11:46:47,169 [6] XNuvem.Data.TransactionManager - Opening NHibernate session
2019-06-16 11:46:48,754 [8] XNuvem.Security.XNuvemSignInService - Falha ao tentar efetuar o login. Usuário: George
2019-06-16 11:46:48,779 [8] XNuvem.Data.TransactionManager - Committing transaction
2019-06-16 11:46:48,794 [8] XNuvem.Data.TransactionManager - Disposing session
2019-06-16 11:46:48,802 [8] XNuvem.Environment.DefaultShellEventHandler - On end request - http://localhost:8090/login?ReturnUrl=%2F
2019-06-16 11:46:52,528 [5] XNuvem.Environment.DefaultShellEventHandler - On begin request - http://localhost:8090/login
2019-06-16 11:46:52,533 [5] XNuvem.Data.SessionFactoryHolder - Building session factory
2019-06-16 11:46:52,538 [5] XNuvem.Data.SessionFactoryHolder - Building configuration
2019-06-16 11:46:52,543 [5] XNuvem.Data.Providers.DefaultDataServiceProvider - Build database configuration
2019-06-16 11:46:52,549 [5] XNuvem.Data.Providers.SessionConfigurationCache - Get configuration cache
2019-06-16 11:46:52,571 [5] XNuvem.Data.SessionFactoryHolder - Done Building configuration
2019-06-16 11:46:52,600 [5] XNuvem.Data.SessionFactoryHolder - Done building session factory
2019-06-16 11:46:52,609 [5] XNuvem.Data.TransactionManager - Opening NHibernate session
2019-06-16 11:46:52,693 [8] XNuvem.Security.XNuvemSignInService - Falha ao tentar efetuar o login. Usuário: George
2019-06-16 11:46:52,701 [6] XNuvem.Data.TransactionManager - Committing transaction
2019-06-16 11:46:52,708 [6] XNuvem.Data.TransactionManager - Disposing session
2019-06-16 11:46:52,713 [6] XNuvem.Environment.DefaultShellEventHandler - On end request - http://localhost:8090/login
2019-06-16 11:46:59,371 [5] XNuvem.Environment.DefaultShellEventHandler - On begin request - http://localhost:8090/login
2019-06-16 11:46:59,382 [5] XNuvem.Data.SessionFactoryHolder - Building session factory
2019-06-16 11:46:59,388 [5] XNuvem.Data.SessionFactoryHolder - Building configuration
2019-06-16 11:46:59,395 [5] XNuvem.Data.Providers.DefaultDataServiceProvider - Build database configuration
2019-06-16 11:46:59,402 [5] XNuvem.Data.Providers.SessionConfigurationCache - Get configuration cache
2019-06-16 11:46:59,419 [5] XNuvem.Data.SessionFactoryHolder - Done Building configuration
2019-06-16 11:46:59,452 [5] XNuvem.Data.SessionFactoryHolder - Done building session factory
2019-06-16 11:46:59,457 [5] XNuvem.Data.TransactionManager - Opening NHibernate session
2019-06-16 11:46:59,527 [7] XNuvem.Security.XNuvemSignInService - Falha ao tentar efetuar o login. Usuário: George
2019-06-16 11:46:59,534 [8] XNuvem.Data.TransactionManager - Committing transaction
2019-06-16 11:46:59,545 [8] XNuvem.Data.TransactionManager - Disposing session
2019-06-16 11:46:59,550 [8] XNuvem.Environment.DefaultShellEventHandler - On end request - http://localhost:8090/login
2019-06-16 11:47:03,349 [6] XNuvem.Environment.DefaultShellEventHandler - On begin request - http://localhost:8090/login
2019-06-16 11:47:03,357 [6] XNuvem.Data.SessionFactoryHolder - Building session factory
2019-06-16 11:47:03,383 [6] XNuvem.Data.SessionFactoryHolder - Building configuration
2019-06-16 11:47:03,390 [6] XNuvem.Data.Providers.DefaultDataServiceProvider - Build database configuration
2019-06-16 11:47:03,395 [6] XNuvem.Data.Providers.SessionConfigurationCache - Get configuration cache
2019-06-16 11:47:03,410 [6] XNuvem.Data.SessionFactoryHolder - Done Building configuration
2019-06-16 11:47:03,463 [6] XNuvem.Data.SessionFactoryHolder - Done building session factory
2019-06-16 11:47:03,466 [6] XNuvem.Data.TransactionManager - Opening NHibernate session
2019-06-16 11:47:03,551 [8] XNuvem.Security.XNuvemSignInService - Falha ao tentar efetuar o login. Usuário: George
2019-06-16 11:47:03,564 [6] XNuvem.Data.TransactionManager - Committing transaction
2019-06-16 11:47:03,578 [6] XNuvem.Data.TransactionManager - Disposing session
2019-06-16 11:47:03,583 [6] XNuvem.Environment.DefaultShellEventHandler - On end request - http://localhost:8090/login
2019-06-16 11:47:31,161 [5] XNuvem.Environment.DefaultShellEventHandler - On begin request - http://localhost:8090/login
2019-06-16 11:47:31,206 [5] XNuvem.Data.SessionFactoryHolder - Building session factory
2019-06-16 11:47:31,222 [5] XNuvem.Data.SessionFactoryHolder - Building configuration
2019-06-16 11:47:31,229 [5] XNuvem.Data.Providers.DefaultDataServiceProvider - Build database configuration
2019-06-16 11:47:31,239 [5] XNuvem.Data.Providers.SessionConfigurationCache - Get configuration cache
2019-06-16 11:47:31,280 [5] XNuvem.Data.SessionFactoryHolder - Done Building configuration
2019-06-16 11:47:31,299 [5] XNuvem.Data.SessionFactoryHolder - Done building session factory
2019-06-16 11:47:31,305 [5] XNuvem.Data.TransactionManager - Opening NHibernate session
2019-06-16 11:47:31,380 [8] XNuvem.Security.XNuvemSignInService - Falha ao tentar efetuar o login. Usuário: George
2019-06-16 11:47:31,389 [7] XNuvem.Data.TransactionManager - Committing transaction
2019-06-16 11:47:31,396 [7] XNuvem.Data.TransactionManager - Disposing session
2019-06-16 11:47:31,399 [7] XNuvem.Environment.DefaultShellEventHandler - On end request - http://localhost:8090/login
2019-06-16 11:47:35,726 [5] XNuvem.Environment.DefaultShellEventHandler - On begin request - http://localhost:8090/login
2019-06-16 11:47:35,740 [5] XNuvem.Data.SessionFactoryHolder - Building session factory
2019-06-16 11:47:35,744 [5] XNuvem.Data.SessionFactoryHolder - Building configuration
2019-06-16 11:47:35,748 [5] XNuvem.Data.Providers.DefaultDataServiceProvider - Build database configuration
2019-06-16 11:47:35,757 [5] XNuvem.Data.Providers.SessionConfigurationCache - Get configuration cache
2019-06-16 11:47:35,773 [5] XNuvem.Data.SessionFactoryHolder - Done Building configuration
2019-06-16 11:47:35,791 [5] XNuvem.Data.SessionFactoryHolder - Done building session factory
2019-06-16 11:47:35,794 [5] XNuvem.Data.TransactionManager - Opening NHibernate session
2019-06-16 11:47:35,864 [10] XNuvem.Security.XNuvemSignInService - Falha ao tentar efetuar o login. Usuário: George
2019-06-16 11:47:35,877 [5] XNuvem.Data.TransactionManager - Committing transaction
2019-06-16 11:47:35,884 [5] XNuvem.Data.TransactionManager - Disposing session
2019-06-16 11:47:35,891 [5] XNuvem.Environment.DefaultShellEventHandler - On end request - http://localhost:8090/login
2019-06-16 11:47:49,084 [5] XNuvem.Environment.DefaultShellEventHandler - On begin request - http://localhost:8090/settingsinstall/install
2019-06-16 11:47:49,098 [5] XNuvem.Data.SessionFactoryHolder - Building session factory
2019-06-16 11:47:49,106 [5] XNuvem.Data.SessionFactoryHolder - Building configuration
2019-06-16 11:47:49,133 [5] XNuvem.Data.Providers.DefaultDataServiceProvider - Build database configuration
2019-06-16 11:47:49,171 [5] XNuvem.Data.Providers.SessionConfigurationCache - Get configuration cache
2019-06-16 11:47:49,210 [5] XNuvem.Data.SessionFactoryHolder - Done Building configuration
2019-06-16 11:47:49,243 [5] XNuvem.Data.SessionFactoryHolder - Done building session factory
2019-06-16 11:47:49,247 [5] XNuvem.Data.TransactionManager - Opening NHibernate session
2019-06-16 11:47:49,271 [5] XNuvem.Data.Providers.DefaultDataServiceProvider - Build database configuration
2019-06-16 11:47:49,276 [5] XNuvem.Data.Providers.SessionConfigurationCache - Get configuration cache
2019-06-16 11:47:49,800 [5] XNuvem.Data.TransactionManager - Committing transaction
2019-06-16 11:47:49,808 [5] XNuvem.Data.TransactionManager - Disposing session
2019-06-16 11:47:49,811 [5] XNuvem.Environment.DefaultShellEventHandler - On end request - http://localhost:8090/settingsinstall/install
2019-06-16 11:47:49,823 [7] XNuvem.Environment.DefaultShellEventHandler - On begin request - http://localhost:8090/login
2019-06-16 11:47:49,828 [7] XNuvem.Data.SessionFactoryHolder - Building session factory
2019-06-16 11:47:49,831 [7] XNuvem.Data.SessionFactoryHolder - Building configuration
2019-06-16 11:47:49,836 [7] XNuvem.Data.Providers.DefaultDataServiceProvider - Build database configuration
2019-06-16 11:47:49,842 [7] XNuvem.Data.Providers.SessionConfigurationCache - Get configuration cache
2019-06-16 11:47:49,859 [7] XNuvem.Data.SessionFactoryHolder - Done Building configuration
2019-06-16 11:47:49,877 [7] XNuvem.Data.SessionFactoryHolder - Done building session factory
2019-06-16 11:47:49,880 [7] XNuvem.Data.TransactionManager - Opening NHibernate session
2019-06-16 11:47:49,897 [7] XNuvem.Data.TransactionManager - Committing transaction
2019-06-16 11:47:49,905 [7] XNuvem.Data.TransactionManager - Disposing session
2019-06-16 11:47:49,909 [7] XNuvem.Environment.DefaultShellEventHandler - On end request - http://localhost:8090/login
2019-06-16 12:02:46,994 [1] XNuvem.UI.Navigation.DefaultMenuManager - ArgumentException thrown from IMenuProvider by Tecnu.Navigation.ModuleMenu
System.ArgumentException: Já foi adicionado um item com a mesma chave.
   em System.ThrowHelper.ThrowArgumentException(ExceptionResource resource)
   em System.Collections.Generic.Dictionary`2.Insert(TKey key, TValue value, Boolean add)
   em System.Collections.Generic.Dictionary`2.Add(TKey key, TValue value)
   em XNuvem.UI.Navigation.MenuBuilder.Add(MenuEntry menu) na D:\Projetos\Tecnu\XNuvem.Framework\UI\Navigation\MenuBuilder.cs:linha 30
   em XNuvem.UI.Navigation.MenuBuilderExtensions.AddGroup(MenuBuilder _this, String position, String title) na D:\Projetos\Tecnu\XNuvem.Framework\UI\Navigation\MenuBuilderExtensions.cs:linha 72
   em Tecnu.Navigation.ModuleMenu.BuildMenu(MenuBuilder builder) na D:\Projetos\Tecnu\XNuvem.Web\Modules\Tecnu\Navigation\ModuleMenu.cs:linha 15
   em XNuvem.UI.Navigation.DefaultMenuManager.<BuildMenu>b__7_0(IMenuProvider m) na D:\Projetos\Tecnu\XNuvem.Framework\UI\Navigation\DefaultMenuManager.cs:linha 23
   em XNuvem.Utility.Extensions.InvokeExtensions.Invoke[TEvents](IEnumerable`1 events, Action`1 dispatch, ILogger logger) na D:\Projetos\Tecnu\XNuvem.Framework\Utility\Extensions\InvokeExtensions.cs:linha 30
2019-06-16 12:02:47,033 [1] XNuvem.Environment.DefaultShellEventHandler - On application initialize
2019-06-16 12:02:47,213 [5] XNuvem.Environment.Configuration.ShellSettingsManager - Loading shell configurations
2019-06-16 12:02:47,414 [5] XNuvem.Environment.DefaultShellEventHandler - On begin request - http://localhost:8090/
2019-06-16 12:02:47,453 [5] XNuvem.Data.SessionFactoryHolder - Building session factory
2019-06-16 12:02:47,458 [5] XNuvem.Data.SessionFactoryHolder - Building configuration
2019-06-16 12:02:47,466 [5] XNuvem.Data.Providers.DefaultDataServiceProvider - Build database configuration
2019-06-16 12:02:47,473 [5] XNuvem.Data.Providers.SessionConfigurationCache - Get configuration cache
2019-06-16 12:02:47,484 [5] XNuvem.Data.Providers.SessionConfigurationCache - The cached NHibernate configuration is out of date. A new one will be re-generated.
2019-06-16 12:02:49,311 [5] XNuvem.Data.Providers.SessionConfigurationCache - Setting configuration cache
2019-06-16 12:02:49,515 [5] XNuvem.Data.Providers.DefaultDataServiceProvider - Done build database configuration
2019-06-16 12:02:49,523 [5] XNuvem.Data.SessionFactoryHolder - Done Building configuration
2019-06-16 12:02:50,092 [5] XNuvem.Data.SessionFactoryHolder - Done building session factory
2019-06-16 12:02:50,095 [5] XNuvem.Data.TransactionManager - Opening NHibernate session
2019-06-16 12:02:50,589 [5] XNuvem.Data.TransactionManager - Committing transaction
2019-06-16 12:02:50,606 [5] XNuvem.Data.TransactionManager - Disposing session
2019-06-16 12:02:50,655 [5] XNuvem.Environment.DefaultShellEventHandler - On end request - http://localhost:8090/
2019-06-16 12:02:50,682 [6] XNuvem.Environment.DefaultShellEventHandler - On begin request - http://localhost:8090/login?ReturnUrl=%2F
2019-06-16 12:02:50,693 [6] XNuvem.Data.SessionFactoryHolder - Building session factory
2019-06-16 12:02:50,697 [6] XNuvem.Data.SessionFactoryHolder - Building configuration
2019-06-16 12:02:50,704 [6] XNuvem.Data.Providers.DefaultDataServiceProvider - Build database configuration
2019-06-16 12:02:50,710 [6] XNuvem.Data.Providers.SessionConfigurationCache - Get configuration cache
2019-06-16 12:02:50,817 [6] XNuvem.Data.SessionFactoryHolder - Done Building configuration
2019-06-16 12:02:50,837 [6] XNuvem.Data.SessionFactoryHolder - Done building session factory
2019-06-16 12:02:50,840 [6] XNuvem.Data.TransactionManager - Opening NHibernate session
2019-06-16 12:02:56,026 [6] XNuvem.Data.TransactionManager - Committing transaction
2019-06-16 12:02:56,032 [6] XNuvem.Data.TransactionManager - Disposing session
2019-06-16 12:02:56,040 [6] XNuvem.Environment.DefaultShellEventHandler - On end request - http://localhost:8090/login?ReturnUrl=%2F
2019-06-16 12:03:03,311 [6] XNuvem.Environment.DefaultShellEventHandler - On begin request - http://localhost:8090/settingsinstall/install
2019-06-16 12:03:03,326 [6] XNuvem.Data.SessionFactoryHolder - Building session factory
2019-06-16 12:03:03,331 [6] XNuvem.Data.SessionFactoryHolder - Building configuration
2019-06-16 12:03:03,338 [6] XNuvem.Data.Providers.DefaultDataServiceProvider - Build database configuration
2019-06-16 12:03:03,343 [6] XNuvem.Data.Providers.SessionConfigurationCache - Get configuration cache
2019-06-16 12:03:03,370 [6] XNuvem.Data.SessionFactoryHolder - Done Building configuration
2019-06-16 12:03:03,412 [6] XNuvem.Data.SessionFactoryHolder - Done building session factory
2019-06-16 12:03:03,415 [6] XNuvem.Data.TransactionManager - Opening NHibernate session
2019-06-16 12:03:03,433 [6] XNuvem.Data.Providers.DefaultDataServiceProvider - Build database configuration
2019-06-16 12:03:03,437 [6] XNuvem.Data.Providers.SessionConfigurationCache - Get configuration cache
2019-06-16 12:03:03,624 [6] NHibernate.Tool.hbm2ddl.SchemaValidator - could not complete schema validation
NHibernate.HibernateException: Missing table: CLASSE
   em NHibernate.Cfg.Configuration.ValidateSchema(Dialect dialect, DatabaseMetadata databaseMetadata)
   em NHibernate.Tool.hbm2ddl.SchemaValidator.Validate()
2019-06-16 12:03:03,683 [6] XNuvem.Data.Schema.DefaultSchemaUpdate - Erro ao validar o schema
NHibernate.HibernateException: Missing table: CLASSE
   em NHibernate.Cfg.Configuration.ValidateSchema(Dialect dialect, DatabaseMetadata databaseMetadata)
   em NHibernate.Tool.hbm2ddl.SchemaValidator.Validate()
   em XNuvem.Data.Schema.DefaultSchemaUpdate.HasUpdates() na D:\Projetos\Tecnu\XNuvem.Framework\Data\Schema\DefaultSchemaUpdate.cs:linha 43
2019-06-16 12:03:08,433 [6] XNuvem.Data.TransactionManager - Committing transaction
2019-06-16 12:03:08,439 [6] XNuvem.Data.TransactionManager - Disposing session
2019-06-16 12:03:08,445 [6] XNuvem.Environment.DefaultShellEventHandler - On end request - http://localhost:8090/settingsinstall/install
2019-06-16 12:03:22,929 [5] XNuvem.Environment.DefaultShellEventHandler - On begin request - http://localhost:8090/settings/install/install
2019-06-16 12:03:22,946 [5] XNuvem.Data.SessionFactoryHolder - Building session factory
2019-06-16 12:03:22,973 [5] XNuvem.Data.SessionFactoryHolder - Building configuration
2019-06-16 12:03:22,987 [5] XNuvem.Data.Providers.DefaultDataServiceProvider - Build database configuration
2019-06-16 12:03:22,993 [5] XNuvem.Data.Providers.SessionConfigurationCache - Get configuration cache
2019-06-16 12:03:23,018 [5] XNuvem.Data.SessionFactoryHolder - Done Building configuration
2019-06-16 12:03:23,037 [5] XNuvem.Data.SessionFactoryHolder - Done building session factory
2019-06-16 12:03:23,042 [5] XNuvem.Data.TransactionManager - Opening NHibernate session
2019-06-16 12:03:23,119 [5] XNuvem.Data.Providers.DefaultDataServiceProvider - Build database configuration
2019-06-16 12:03:23,123 [5] XNuvem.Data.Providers.SessionConfigurationCache - Get configuration cache
2019-06-16 12:03:23,146 [5] NHibernate.Tool.hbm2ddl.SchemaValidator - could not complete schema validation
NHibernate.HibernateException: Missing table: CLASSE
   em NHibernate.Cfg.Configuration.ValidateSchema(Dialect dialect, DatabaseMetadata databaseMetadata)
   em NHibernate.Tool.hbm2ddl.SchemaValidator.Validate()
2019-06-16 12:03:23,233 [5] XNuvem.Data.Schema.DefaultSchemaUpdate - Erro ao validar o schema
NHibernate.HibernateException: Missing table: CLASSE
   em NHibernate.Cfg.Configuration.ValidateSchema(Dialect dialect, DatabaseMetadata databaseMetadata)
   em NHibernate.Tool.hbm2ddl.SchemaValidator.Validate()
   em XNuvem.Data.Schema.DefaultSchemaUpdate.HasUpdates() na D:\Projetos\Tecnu\XNuvem.Framework\Data\Schema\DefaultSchemaUpdate.cs:linha 43
2019-06-16 12:03:23,238 [5] XNuvem.Environment.Configuration.ShellSettingsManager - Storing configuration settings.
2019-06-16 12:03:23,278 [5] XNuvem.Data.Schema.DefaultSchemaUpdate - Start creating database
2019-06-16 12:03:23,285 [5] XNuvem.FileSystems.AppData.AppDataFolder - Deleting file "mappings.bin" from "App_Data" folder
2019-06-16 12:03:23,292 [5] XNuvem.Environment.Configuration.ShellSettingsManager - Loading shell configurations
2019-06-16 12:03:23,319 [5] XNuvem.Data.Providers.DefaultDataServiceProvider - Build database configuration
2019-06-16 12:03:23,322 [5] XNuvem.Data.Providers.SessionConfigurationCache - Get configuration cache
2019-06-16 12:03:24,197 [5] XNuvem.Environment.Configuration.ShellSettingsManager - Storing configuration settings.
2019-06-16 12:03:24,213 [5] XNuvem.Data.Schema.DefaultSchemaUpdate - End create database
2019-06-16 12:03:24,218 [5] XNuvem.Data.TransactionManager - Committing transaction
2019-06-16 12:03:24,224 [5] XNuvem.Data.TransactionManager - Disposing session
2019-06-16 12:03:24,228 [5] XNuvem.Data.TransactionManager - Opening NHibernate session
2019-06-16 12:03:24,239 [5] XNuvem.Data.Repository`1[[XNuvem.Data.Schema.MigrationHistory, XNuvem.Framework, Version=1.0.0.0, Culture=neutral, PublicKeyToken=null]] - Create XNuvem.Data.Schema.MigrationHistory
2019-06-16 12:03:24,330 [5] XNuvem.Data.TransactionManager - Committing transaction
2019-06-16 12:03:24,408 [5] XNuvem.Data.TransactionManager - Disposing session
2019-06-16 12:03:24,412 [5] XNuvem.Data.TransactionManager - Opening NHibernate session
2019-06-16 12:03:26,018 [5] XNuvem.Security.XNuvemUserService - Creating identity for user George
2019-06-16 12:03:26,100 [6] XNuvem.Data.TransactionManager - Committing transaction
2019-06-16 12:03:26,130 [6] XNuvem.Data.TransactionManager - Disposing session
2019-06-16 12:03:26,138 [6] XNuvem.Data.TransactionManager - Opening NHibernate session
2019-06-16 12:03:26,235 [6] XNuvem.Data.Repository`1[[Tecnu.Models.Record.PeriodRecord, Tecnu, Version=1.0.0.0, Culture=neutral, PublicKeyToken=null]] - Create Tecnu.Models.Record.PeriodRecord
2019-06-16 12:03:26,261 [6] XNuvem.Data.Repository`1[[Tecnu.Models.Record.PeriodRecord, Tecnu, Version=1.0.0.0, Culture=neutral, PublicKeyToken=null]] - Create Tecnu.Models.Record.PeriodRecord
2019-06-16 12:03:26,271 [6] XNuvem.Data.Repository`1[[Tecnu.Models.Record.PeriodRecord, Tecnu, Version=1.0.0.0, Culture=neutral, PublicKeyToken=null]] - Create Tecnu.Models.Record.PeriodRecord
2019-06-16 12:03:26,292 [8] XNuvem.Data.TransactionManager - Committing transaction
2019-06-16 12:03:26,342 [8] XNuvem.Data.TransactionManager - Disposing session
2019-06-16 12:03:26,378 [8] XNuvem.Environment.DefaultShellEventHandler - On end request - http://localhost:8090/settings/install/install
2019-06-16 12:03:26,393 [6] XNuvem.Environment.Configuration.ShellSettingsManager - Loading shell configurations
2019-06-16 12:03:26,406 [6] XNuvem.Environment.DefaultShellEventHandler - On begin request - http://localhost:8090/
2019-06-16 12:03:26,413 [6] XNuvem.Data.SessionFactoryHolder - Building session factory
2019-06-16 12:03:26,419 [6] XNuvem.Data.SessionFactoryHolder - Building configuration
2019-06-16 12:03:26,424 [6] XNuvem.Data.Providers.DefaultDataServiceProvider - Build database configuration
2019-06-16 12:03:26,430 [6] XNuvem.Data.Providers.SessionConfigurationCache - Get configuration cache
2019-06-16 12:03:26,471 [6] XNuvem.Data.Providers.SessionConfigurationCache - Setting configuration cache
2019-06-16 12:03:26,522 [6] XNuvem.Data.Providers.DefaultDataServiceProvider - Done build database configuration
2019-06-16 12:03:26,529 [6] XNuvem.Data.SessionFactoryHolder - Done Building configuration
2019-06-16 12:03:26,550 [6] XNuvem.Data.SessionFactoryHolder - Done building session factory
2019-06-16 12:03:26,554 [6] XNuvem.Data.TransactionManager - Opening NHibernate session
2019-06-16 12:03:31,883 [6] XNuvem.Data.TransactionManager - Committing transaction
2019-06-16 12:03:31,893 [6] XNuvem.Data.TransactionManager - Disposing session
2019-06-16 12:03:31,898 [6] XNuvem.Environment.DefaultShellEventHandler - On end request - http://localhost:8090/
2019-06-16 12:04:53,997 [7] XNuvem.Environment.DefaultShellEventHandler - On begin request - http://localhost:8090/cadastros/student/index
2019-06-16 12:04:54,005 [7] XNuvem.Data.SessionFactoryHolder - Building session factory
2019-06-16 12:04:54,010 [7] XNuvem.Data.SessionFactoryHolder - Building configuration
2019-06-16 12:04:54,016 [7] XNuvem.Data.Providers.DefaultDataServiceProvider - Build database configuration
2019-06-16 12:04:54,019 [7] XNuvem.Data.Providers.SessionConfigurationCache - Get configuration cache
2019-06-16 12:04:54,036 [7] XNuvem.Data.SessionFactoryHolder - Done Building configuration
2019-06-16 12:04:54,056 [7] XNuvem.Data.SessionFactoryHolder - Done building session factory
2019-06-16 12:04:54,060 [7] XNuvem.Data.TransactionManager - Opening NHibernate session
2019-06-16 12:04:54,100 [7] XNuvem.Exceptions.DefaultPolicyException - Erro inesperado ao executar uma operação
System.InvalidOperationException: A exibição 'index' ou seu master não foi encontrada ou nenhum mecanismo de exibição oferece suporte para os locais pesquisados. Os seguintes locais foram pesquisados: 
~/Modules/Student/Views/student/index.cshtml
~/Modules/Student/Views/Shared/index.cshtml
~/Views/student/index.cshtml
~/Views/Shared/index.cshtml
   em System.Web.Mvc.ViewResult.FindView(ControllerContext context)
   em System.Web.Mvc.ViewResultBase.ExecuteResult(ControllerContext context)
   em System.Web.Mvc.ControllerActionInvoker.InvokeActionResult(ControllerContext controllerContext, ActionResult actionResult)
   em System.Web.Mvc.ControllerActionInvoker.InvokeActionResultFilterRecursive(IList`1 filters, Int32 filterIndex, ResultExecutingContext preContext, ControllerContext controllerContext, ActionResult actionResult)
   em System.Web.Mvc.ControllerActionInvoker.InvokeActionResultFilterRecursive(IList`1 filters, Int32 filterIndex, ResultExecutingContext preContext, ControllerContext controllerContext, ActionResult actionResult)
   em System.Web.Mvc.ControllerActionInvoker.InvokeActionResultWithFilters(ControllerContext controllerContext, IList`1 filters, ActionResult actionResult)
   em System.Web.Mvc.Async.AsyncControllerActionInvoker.<>c__DisplayClass21.<>c__DisplayClass2b.<BeginInvokeAction>b__1c()
   em System.Web.Mvc.Async.AsyncControllerActionInvoker.<>c__DisplayClass21.<BeginInvokeAction>b__1e(IAsyncResult asyncResult)
2019-06-16 12:04:54,108 [7] XNuvem.Exceptions.DefaultPolicyException - Canceling transaction due to an error
2019-06-16 12:04:54,115 [7] XNuvem.Data.TransactionManager - Rolling back transaction
2019-06-16 12:04:54,123 [7] XNuvem.Data.TransactionManager - Disposing session
2019-06-16 12:04:56,298 [7] XNuvem.Environment.DefaultShellEventHandler - On end request - http://localhost:8090/cadastros/student/index
2019-06-16 12:05:00,666 [7] XNuvem.Environment.DefaultShellEventHandler - On begin request - http://localhost:8090/
2019-06-16 12:05:00,682 [7] XNuvem.Data.SessionFactoryHolder - Building session factory
2019-06-16 12:05:00,685 [7] XNuvem.Data.SessionFactoryHolder - Building configuration
2019-06-16 12:05:00,692 [7] XNuvem.Data.Providers.DefaultDataServiceProvider - Build database configuration
2019-06-16 12:05:00,697 [7] XNuvem.Data.Providers.SessionConfigurationCache - Get configuration cache
2019-06-16 12:05:00,713 [7] XNuvem.Data.SessionFactoryHolder - Done Building configuration
2019-06-16 12:05:00,733 [7] XNuvem.Data.SessionFactoryHolder - Done building session factory
2019-06-16 12:05:00,736 [7] XNuvem.Data.TransactionManager - Opening NHibernate session
2019-06-16 12:05:00,800 [7] XNuvem.Data.TransactionManager - Committing transaction
2019-06-16 12:05:00,807 [7] XNuvem.Data.TransactionManager - Disposing session
2019-06-16 12:05:00,812 [7] XNuvem.Environment.DefaultShellEventHandler - On end request - http://localhost:8090/
2019-06-16 12:07:29,982 [1] XNuvem.UI.Navigation.DefaultMenuManager - ArgumentException thrown from IMenuProvider by Tecnu.Navigation.ModuleMenu
System.ArgumentException: Já foi adicionado um item com a mesma chave.
   em System.ThrowHelper.ThrowArgumentException(ExceptionResource resource)
   em System.Collections.Generic.Dictionary`2.Insert(TKey key, TValue value, Boolean add)
   em System.Collections.Generic.Dictionary`2.Add(TKey key, TValue value)
   em XNuvem.UI.Navigation.MenuBuilder.Add(MenuEntry menu) na D:\Projetos\Tecnu\XNuvem.Framework\UI\Navigation\MenuBuilder.cs:linha 30
   em XNuvem.UI.Navigation.MenuBuilderExtensions.AddGroup(MenuBuilder _this, String position, String title) na D:\Projetos\Tecnu\XNuvem.Framework\UI\Navigation\MenuBuilderExtensions.cs:linha 72
   em Tecnu.Navigation.ModuleMenu.BuildMenu(MenuBuilder builder) na D:\Projetos\Tecnu\XNuvem.Web\Modules\Tecnu\Navigation\ModuleMenu.cs:linha 15
   em XNuvem.UI.Navigation.DefaultMenuManager.<BuildMenu>b__7_0(IMenuProvider m) na D:\Projetos\Tecnu\XNuvem.Framework\UI\Navigation\DefaultMenuManager.cs:linha 23
   em XNuvem.Utility.Extensions.InvokeExtensions.Invoke[TEvents](IEnumerable`1 events, Action`1 dispatch, ILogger logger) na D:\Projetos\Tecnu\XNuvem.Framework\Utility\Extensions\InvokeExtensions.cs:linha 30
2019-06-16 12:07:30,022 [1] XNuvem.Environment.DefaultShellEventHandler - On application initialize
2019-06-16 12:07:30,184 [5] XNuvem.Environment.Configuration.ShellSettingsManager - Loading shell configurations
2019-06-16 12:07:30,388 [5] XNuvem.Environment.DefaultShellEventHandler - On begin request - http://localhost:8090/
2019-06-16 12:07:30,424 [5] XNuvem.Data.SessionFactoryHolder - Building session factory
2019-06-16 12:07:30,429 [5] XNuvem.Data.SessionFactoryHolder - Building configuration
2019-06-16 12:07:30,435 [5] XNuvem.Data.Providers.DefaultDataServiceProvider - Build database configuration
2019-06-16 12:07:30,441 [5] XNuvem.Data.Providers.SessionConfigurationCache - Get configuration cache
2019-06-16 12:07:30,453 [5] XNuvem.Data.Providers.SessionConfigurationCache - The cached NHibernate configuration is out of date. A new one will be re-generated.
2019-06-16 12:07:32,330 [5] XNuvem.Data.Providers.SessionConfigurationCache - Setting configuration cache
2019-06-16 12:07:32,564 [5] XNuvem.Data.Providers.DefaultDataServiceProvider - Done build database configuration
2019-06-16 12:07:32,570 [5] XNuvem.Data.SessionFactoryHolder - Done Building configuration
2019-06-16 12:07:33,307 [5] XNuvem.Data.SessionFactoryHolder - Done building session factory
2019-06-16 12:07:33,311 [5] XNuvem.Data.TransactionManager - Opening NHibernate session
2019-06-16 12:07:43,398 [5] XNuvem.Data.TransactionManager - Committing transaction
2019-06-16 12:07:43,529 [5] XNuvem.Data.TransactionManager - Disposing session
2019-06-16 12:07:43,566 [5] XNuvem.Environment.DefaultShellEventHandler - On end request - http://localhost:8090/
2019-06-16 12:07:46,468 [5] XNuvem.Environment.DefaultShellEventHandler - On begin request - http://localhost:8090/cadastros/student/index
2019-06-16 12:07:46,476 [5] XNuvem.Data.SessionFactoryHolder - Building session factory
2019-06-16 12:07:46,480 [5] XNuvem.Data.SessionFactoryHolder - Building configuration
2019-06-16 12:07:46,483 [5] XNuvem.Data.Providers.DefaultDataServiceProvider - Build database configuration
2019-06-16 12:07:46,490 [5] XNuvem.Data.Providers.SessionConfigurationCache - Get configuration cache
2019-06-16 12:07:46,552 [5] XNuvem.Data.SessionFactoryHolder - Done Building configuration
2019-06-16 12:07:46,569 [5] XNuvem.Data.SessionFactoryHolder - Done building session factory
2019-06-16 12:07:46,574 [5] XNuvem.Data.TransactionManager - Opening NHibernate session
2019-06-16 12:07:46,617 [5] XNuvem.Exceptions.DefaultPolicyException - Erro inesperado ao executar uma operação
System.InvalidOperationException: A exibição 'index' ou seu master não foi encontrada ou nenhum mecanismo de exibição oferece suporte para os locais pesquisados. Os seguintes locais foram pesquisados: 
~/Modules/Student/Views/student/index.cshtml
~/Modules/Student/Views/Shared/index.cshtml
~/Views/student/index.cshtml
~/Views/Shared/index.cshtml
   em System.Web.Mvc.ViewResult.FindView(ControllerContext context)
   em System.Web.Mvc.ViewResultBase.ExecuteResult(ControllerContext context)
   em System.Web.Mvc.ControllerActionInvoker.InvokeActionResult(ControllerContext controllerContext, ActionResult actionResult)
   em System.Web.Mvc.ControllerActionInvoker.InvokeActionResultFilterRecursive(IList`1 filters, Int32 filterIndex, ResultExecutingContext preContext, ControllerContext controllerContext, ActionResult actionResult)
   em System.Web.Mvc.ControllerActionInvoker.InvokeActionResultFilterRecursive(IList`1 filters, Int32 filterIndex, ResultExecutingContext preContext, ControllerContext controllerContext, ActionResult actionResult)
   em System.Web.Mvc.ControllerActionInvoker.InvokeActionResultWithFilters(ControllerContext controllerContext, IList`1 filters, ActionResult actionResult)
   em System.Web.Mvc.Async.AsyncControllerActionInvoker.<>c__DisplayClass21.<>c__DisplayClass2b.<BeginInvokeAction>b__1c()
   em System.Web.Mvc.Async.AsyncControllerActionInvoker.<>c__DisplayClass21.<BeginInvokeAction>b__1e(IAsyncResult asyncResult)
2019-06-16 12:07:46,635 [5] XNuvem.Exceptions.DefaultPolicyException - Canceling transaction due to an error
2019-06-16 12:07:46,642 [5] XNuvem.Data.TransactionManager - Rolling back transaction
2019-06-16 12:07:46,654 [5] XNuvem.Data.TransactionManager - Disposing session
2019-06-16 12:07:50,486 [5] XNuvem.Environment.DefaultShellEventHandler - On end request - http://localhost:8090/cadastros/student/index
2019-06-16 12:14:06,856 [1] XNuvem.UI.Navigation.DefaultMenuManager - ArgumentException thrown from IMenuProvider by Tecnu.Navigation.ModuleMenu
System.ArgumentException: Já foi adicionado um item com a mesma chave.
   em System.ThrowHelper.ThrowArgumentException(ExceptionResource resource)
   em System.Collections.Generic.Dictionary`2.Insert(TKey key, TValue value, Boolean add)
   em System.Collections.Generic.Dictionary`2.Add(TKey key, TValue value)
   em XNuvem.UI.Navigation.MenuBuilder.Add(MenuEntry menu) na D:\Projetos\Tecnu\XNuvem.Framework\UI\Navigation\MenuBuilder.cs:linha 30
   em XNuvem.UI.Navigation.MenuBuilderExtensions.AddGroup(MenuBuilder _this, String position, String title) na D:\Projetos\Tecnu\XNuvem.Framework\UI\Navigation\MenuBuilderExtensions.cs:linha 72
   em Tecnu.Navigation.ModuleMenu.BuildMenu(MenuBuilder builder) na D:\Projetos\Tecnu\XNuvem.Web\Modules\Tecnu\Navigation\ModuleMenu.cs:linha 15
   em XNuvem.UI.Navigation.DefaultMenuManager.<BuildMenu>b__7_0(IMenuProvider m) na D:\Projetos\Tecnu\XNuvem.Framework\UI\Navigation\DefaultMenuManager.cs:linha 23
   em XNuvem.Utility.Extensions.InvokeExtensions.Invoke[TEvents](IEnumerable`1 events, Action`1 dispatch, ILogger logger) na D:\Projetos\Tecnu\XNuvem.Framework\Utility\Extensions\InvokeExtensions.cs:linha 30
2019-06-16 12:14:06,901 [1] XNuvem.Environment.DefaultShellEventHandler - On application initialize
2019-06-16 12:14:07,113 [5] XNuvem.Environment.Configuration.ShellSettingsManager - Loading shell configurations
2019-06-16 12:14:07,326 [5] XNuvem.Environment.DefaultShellEventHandler - On begin request - http://localhost:8090/
2019-06-16 12:14:07,371 [5] XNuvem.Data.SessionFactoryHolder - Building session factory
2019-06-16 12:14:07,377 [5] XNuvem.Data.SessionFactoryHolder - Building configuration
2019-06-16 12:14:07,384 [5] XNuvem.Data.Providers.DefaultDataServiceProvider - Build database configuration
2019-06-16 12:14:07,388 [5] XNuvem.Data.Providers.SessionConfigurationCache - Get configuration cache
2019-06-16 12:14:07,400 [5] XNuvem.Data.Providers.SessionConfigurationCache - The cached NHibernate configuration is out of date. A new one will be re-generated.
2019-06-16 12:14:09,520 [5] XNuvem.Data.Providers.SessionConfigurationCache - Setting configuration cache
2019-06-16 12:14:09,737 [5] XNuvem.Data.Providers.DefaultDataServiceProvider - Done build database configuration
2019-06-16 12:14:09,743 [5] XNuvem.Data.SessionFactoryHolder - Done Building configuration
2019-06-16 12:14:10,388 [5] XNuvem.Data.SessionFactoryHolder - Done building session factory
2019-06-16 12:14:10,391 [5] XNuvem.Data.TransactionManager - Opening NHibernate session
2019-06-16 12:14:21,181 [5] XNuvem.Data.TransactionManager - Committing transaction
2019-06-16 12:14:21,253 [5] XNuvem.Data.TransactionManager - Disposing session
2019-06-16 12:14:21,289 [5] XNuvem.Environment.DefaultShellEventHandler - On end request - http://localhost:8090/
2019-06-16 12:14:28,003 [6] XNuvem.Environment.DefaultShellEventHandler - On begin request - http://localhost:8090/cadastros/student/index
2019-06-16 12:14:28,009 [6] XNuvem.Data.SessionFactoryHolder - Building session factory
2019-06-16 12:14:28,014 [6] XNuvem.Data.SessionFactoryHolder - Building configuration
2019-06-16 12:14:28,019 [6] XNuvem.Data.Providers.DefaultDataServiceProvider - Build database configuration
2019-06-16 12:14:28,025 [6] XNuvem.Data.Providers.SessionConfigurationCache - Get configuration cache
2019-06-16 12:14:28,098 [6] XNuvem.Data.SessionFactoryHolder - Done Building configuration
2019-06-16 12:14:28,131 [6] XNuvem.Data.SessionFactoryHolder - Done building session factory
2019-06-16 12:14:28,134 [6] XNuvem.Data.TransactionManager - Opening NHibernate session
2019-06-16 12:14:28,177 [6] XNuvem.Exceptions.DefaultPolicyException - Erro inesperado ao executar uma operação
System.InvalidOperationException: A exibição 'index' ou seu master não foi encontrada ou nenhum mecanismo de exibição oferece suporte para os locais pesquisados. Os seguintes locais foram pesquisados: 
~/Modules/Tecnu.Student/Views/student/index.cshtml
~/Modules/Tecnu.Student/Views/Shared/index.cshtml
~/Views/student/index.cshtml
~/Views/Shared/index.cshtml
   em System.Web.Mvc.ViewResult.FindView(ControllerContext context)
   em System.Web.Mvc.ViewResultBase.ExecuteResult(ControllerContext context)
   em System.Web.Mvc.ControllerActionInvoker.InvokeActionResult(ControllerContext controllerContext, ActionResult actionResult)
   em System.Web.Mvc.ControllerActionInvoker.InvokeActionResultFilterRecursive(IList`1 filters, Int32 filterIndex, ResultExecutingContext preContext, ControllerContext controllerContext, ActionResult actionResult)
   em System.Web.Mvc.ControllerActionInvoker.InvokeActionResultFilterRecursive(IList`1 filters, Int32 filterIndex, ResultExecutingContext preContext, ControllerContext controllerContext, ActionResult actionResult)
   em System.Web.Mvc.ControllerActionInvoker.InvokeActionResultWithFilters(ControllerContext controllerContext, IList`1 filters, ActionResult actionResult)
   em System.Web.Mvc.Async.AsyncControllerActionInvoker.<>c__DisplayClass21.<>c__DisplayClass2b.<BeginInvokeAction>b__1c()
   em System.Web.Mvc.Async.AsyncControllerActionInvoker.<>c__DisplayClass21.<BeginInvokeAction>b__1e(IAsyncResult asyncResult)
2019-06-16 12:14:28,185 [6] XNuvem.Exceptions.DefaultPolicyException - Canceling transaction due to an error
2019-06-16 12:14:28,192 [6] XNuvem.Data.TransactionManager - Rolling back transaction
2019-06-16 12:14:28,199 [6] XNuvem.Data.TransactionManager - Disposing session
2019-06-16 12:14:32,000 [6] XNuvem.Environment.DefaultShellEventHandler - On end request - http://localhost:8090/cadastros/student/index
2019-06-16 12:18:20,748 [1] XNuvem.UI.Navigation.DefaultMenuManager - ArgumentException thrown from IMenuProvider by Tecnu.Navigation.ModuleMenu
System.ArgumentException: Já foi adicionado um item com a mesma chave.
   em System.ThrowHelper.ThrowArgumentException(ExceptionResource resource)
   em System.Collections.Generic.Dictionary`2.Insert(TKey key, TValue value, Boolean add)
   em System.Collections.Generic.Dictionary`2.Add(TKey key, TValue value)
   em XNuvem.UI.Navigation.MenuBuilder.Add(MenuEntry menu) na D:\Projetos\Tecnu\XNuvem.Framework\UI\Navigation\MenuBuilder.cs:linha 30
   em XNuvem.UI.Navigation.MenuBuilderExtensions.AddGroup(MenuBuilder _this, String position, String title) na D:\Projetos\Tecnu\XNuvem.Framework\UI\Navigation\MenuBuilderExtensions.cs:linha 72
   em Tecnu.Navigation.ModuleMenu.BuildMenu(MenuBuilder builder) na D:\Projetos\Tecnu\XNuvem.Web\Modules\Tecnu\Navigation\ModuleMenu.cs:linha 15
   em XNuvem.UI.Navigation.DefaultMenuManager.<BuildMenu>b__7_0(IMenuProvider m) na D:\Projetos\Tecnu\XNuvem.Framework\UI\Navigation\DefaultMenuManager.cs:linha 23
   em XNuvem.Utility.Extensions.InvokeExtensions.Invoke[TEvents](IEnumerable`1 events, Action`1 dispatch, ILogger logger) na D:\Projetos\Tecnu\XNuvem.Framework\Utility\Extensions\InvokeExtensions.cs:linha 30
2019-06-16 12:18:20,787 [1] XNuvem.Environment.DefaultShellEventHandler - On application initialize
2019-06-16 12:18:27,873 [5] XNuvem.Environment.Configuration.ShellSettingsManager - Loading shell configurations
2019-06-16 12:18:28,075 [5] XNuvem.Environment.DefaultShellEventHandler - On begin request - http://localhost:8090/
2019-06-16 12:18:28,106 [5] XNuvem.Data.SessionFactoryHolder - Building session factory
2019-06-16 12:18:28,111 [5] XNuvem.Data.SessionFactoryHolder - Building configuration
2019-06-16 12:18:28,118 [5] XNuvem.Data.Providers.DefaultDataServiceProvider - Build database configuration
2019-06-16 12:18:28,122 [5] XNuvem.Data.Providers.SessionConfigurationCache - Get configuration cache
2019-06-16 12:18:28,135 [5] XNuvem.Data.Providers.SessionConfigurationCache - The cached NHibernate configuration is out of date. A new one will be re-generated.
2019-06-16 12:18:30,370 [5] XNuvem.Data.Providers.SessionConfigurationCache - Setting configuration cache
2019-06-16 12:18:30,633 [5] XNuvem.Data.Providers.DefaultDataServiceProvider - Done build database configuration
2019-06-16 12:18:30,639 [5] XNuvem.Data.SessionFactoryHolder - Done Building configuration
2019-06-16 12:18:31,156 [5] XNuvem.Data.SessionFactoryHolder - Done building session factory
2019-06-16 12:18:31,162 [5] XNuvem.Data.TransactionManager - Opening NHibernate session
2019-06-16 12:18:32,500 [7] XNuvem.Security.XNuvemUserService - Creating identity for user George
2019-06-16 12:18:41,336 [5] XNuvem.Data.TransactionManager - Committing transaction
2019-06-16 12:18:41,363 [5] XNuvem.Data.TransactionManager - Disposing session
2019-06-16 12:18:41,416 [5] XNuvem.Environment.DefaultShellEventHandler - On end request - http://localhost:8090/
2019-06-16 12:30:12,498 [1] XNuvem.Environment.DefaultShellEventHandler - On application initialize
2019-06-16 12:30:12,674 [5] XNuvem.Environment.Configuration.ShellSettingsManager - Loading shell configurations
2019-06-16 12:30:12,868 [5] XNuvem.Environment.DefaultShellEventHandler - On begin request - http://localhost:8090/
2019-06-16 12:30:12,906 [5] XNuvem.Data.SessionFactoryHolder - Building session factory
2019-06-16 12:30:12,911 [5] XNuvem.Data.SessionFactoryHolder - Building configuration
2019-06-16 12:30:12,920 [5] XNuvem.Data.Providers.DefaultDataServiceProvider - Build database configuration
2019-06-16 12:30:12,924 [5] XNuvem.Data.Providers.SessionConfigurationCache - Get configuration cache
2019-06-16 12:30:12,941 [5] XNuvem.Data.Providers.SessionConfigurationCache - The cached NHibernate configuration is out of date. A new one will be re-generated.
2019-06-16 12:30:15,009 [5] XNuvem.Data.Providers.SessionConfigurationCache - Setting configuration cache
2019-06-16 12:30:15,253 [5] XNuvem.Data.Providers.DefaultDataServiceProvider - Done build database configuration
2019-06-16 12:30:15,260 [5] XNuvem.Data.SessionFactoryHolder - Done Building configuration
2019-06-16 12:30:15,832 [5] XNuvem.Data.SessionFactoryHolder - Done building session factory
2019-06-16 12:30:15,840 [5] XNuvem.Data.TransactionManager - Opening NHibernate session
2019-06-16 12:30:27,131 [5] XNuvem.Data.TransactionManager - Committing transaction
2019-06-16 12:30:27,253 [5] XNuvem.Data.TransactionManager - Disposing session
2019-06-16 12:30:27,295 [5] XNuvem.Environment.DefaultShellEventHandler - On end request - http://localhost:8090/
2019-06-16 12:32:57,852 [1] XNuvem.UI.Navigation.DefaultMenuManager - ArgumentException thrown from IMenuProvider by Tecnu.Navigation.ModuleMenu
System.ArgumentException: Já foi adicionado um item com a mesma chave.
   em System.ThrowHelper.ThrowArgumentException(ExceptionResource resource)
   em System.Collections.Generic.Dictionary`2.Insert(TKey key, TValue value, Boolean add)
   em System.Collections.Generic.Dictionary`2.Add(TKey key, TValue value)
   em XNuvem.UI.Navigation.MenuBuilder.Add(MenuEntry menu) na D:\Projetos\Tecnu\XNuvem.Framework\UI\Navigation\MenuBuilder.cs:linha 30
   em XNuvem.UI.Navigation.MenuBuilderExtensions.AddGroup(MenuBuilder _this, String position, String title) na D:\Projetos\Tecnu\XNuvem.Framework\UI\Navigation\MenuBuilderExtensions.cs:linha 72
   em Tecnu.Navigation.ModuleMenu.BuildMenu(MenuBuilder builder) na D:\Projetos\Tecnu\XNuvem.Web\Modules\Tecnu\Navigation\ModuleMenu.cs:linha 15
   em XNuvem.UI.Navigation.DefaultMenuManager.<BuildMenu>b__7_0(IMenuProvider m) na D:\Projetos\Tecnu\XNuvem.Framework\UI\Navigation\DefaultMenuManager.cs:linha 23
   em XNuvem.Utility.Extensions.InvokeExtensions.Invoke[TEvents](IEnumerable`1 events, Action`1 dispatch, ILogger logger) na D:\Projetos\Tecnu\XNuvem.Framework\Utility\Extensions\InvokeExtensions.cs:linha 30
2019-06-16 12:32:57,899 [1] XNuvem.Environment.DefaultShellEventHandler - On application initialize
2019-06-16 12:32:58,075 [5] XNuvem.Environment.Configuration.ShellSettingsManager - Loading shell configurations
2019-06-16 12:32:58,271 [5] XNuvem.Environment.DefaultShellEventHandler - On begin request - http://localhost:8090/
2019-06-16 12:32:58,307 [5] XNuvem.Data.SessionFactoryHolder - Building session factory
2019-06-16 12:32:58,312 [5] XNuvem.Data.SessionFactoryHolder - Building configuration
2019-06-16 12:32:58,320 [5] XNuvem.Data.Providers.DefaultDataServiceProvider - Build database configuration
2019-06-16 12:32:58,324 [5] XNuvem.Data.Providers.SessionConfigurationCache - Get configuration cache
2019-06-16 12:32:58,337 [5] XNuvem.Data.Providers.SessionConfigurationCache - The cached NHibernate configuration is out of date. A new one will be re-generated.
2019-06-16 12:33:00,919 [5] XNuvem.Data.Providers.SessionConfigurationCache - Setting configuration cache
2019-06-16 12:33:01,196 [5] XNuvem.Data.Providers.DefaultDataServiceProvider - Done build database configuration
2019-06-16 12:33:01,201 [5] XNuvem.Data.SessionFactoryHolder - Done Building configuration
2019-06-16 12:33:01,784 [5] XNuvem.Data.SessionFactoryHolder - Done building session factory
2019-06-16 12:33:01,789 [5] XNuvem.Data.TransactionManager - Opening NHibernate session
2019-06-16 12:33:17,325 [5] XNuvem.Data.TransactionManager - Committing transaction
2019-06-16 12:33:17,499 [5] XNuvem.Data.TransactionManager - Disposing session
2019-06-16 12:33:17,563 [5] XNuvem.Environment.DefaultShellEventHandler - On end request - http://localhost:8090/
2019-06-16 12:33:25,669 [6] XNuvem.Environment.DefaultShellEventHandler - On begin request - http://localhost:8090/cadastros/student/index
2019-06-16 12:33:25,675 [6] XNuvem.Data.SessionFactoryHolder - Building session factory
2019-06-16 12:33:25,679 [6] XNuvem.Data.SessionFactoryHolder - Building configuration
2019-06-16 12:33:25,686 [6] XNuvem.Data.Providers.DefaultDataServiceProvider - Build database configuration
2019-06-16 12:33:25,691 [6] XNuvem.Data.Providers.SessionConfigurationCache - Get configuration cache
2019-06-16 12:33:25,772 [6] XNuvem.Data.SessionFactoryHolder - Done Building configuration
2019-06-16 12:33:25,795 [6] XNuvem.Data.SessionFactoryHolder - Done building session factory
2019-06-16 12:33:25,800 [6] XNuvem.Data.TransactionManager - Opening NHibernate session
2019-06-16 12:33:25,854 [6] XNuvem.Exceptions.DefaultPolicyException - Erro inesperado ao executar uma operação
System.InvalidOperationException: A exibição 'index' ou seu master não foi encontrada ou nenhum mecanismo de exibição oferece suporte para os locais pesquisados. Os seguintes locais foram pesquisados: 
~/Modules/Tecnu.Student/Views/student/index.cshtml
~/Modules/Tecnu.Student/Views/Shared/index.cshtml
~/Views/student/index.cshtml
~/Views/Shared/index.cshtml
   em System.Web.Mvc.ViewResult.FindView(ControllerContext context)
   em System.Web.Mvc.ViewResultBase.ExecuteResult(ControllerContext context)
   em System.Web.Mvc.ControllerActionInvoker.InvokeActionResult(ControllerContext controllerContext, ActionResult actionResult)
   em System.Web.Mvc.ControllerActionInvoker.InvokeActionResultFilterRecursive(IList`1 filters, Int32 filterIndex, ResultExecutingContext preContext, ControllerContext controllerContext, ActionResult actionResult)
   em System.Web.Mvc.ControllerActionInvoker.InvokeActionResultFilterRecursive(IList`1 filters, Int32 filterIndex, ResultExecutingContext preContext, ControllerContext controllerContext, ActionResult actionResult)
   em System.Web.Mvc.ControllerActionInvoker.InvokeActionResultWithFilters(ControllerContext controllerContext, IList`1 filters, ActionResult actionResult)
   em System.Web.Mvc.Async.AsyncControllerActionInvoker.<>c__DisplayClass21.<>c__DisplayClass2b.<BeginInvokeAction>b__1c()
   em System.Web.Mvc.Async.AsyncControllerActionInvoker.<>c__DisplayClass21.<BeginInvokeAction>b__1e(IAsyncResult asyncResult)
2019-06-16 12:33:25,873 [6] XNuvem.Exceptions.DefaultPolicyException - Canceling transaction due to an error
2019-06-16 12:33:25,884 [6] XNuvem.Data.TransactionManager - Rolling back transaction
2019-06-16 12:33:25,894 [6] XNuvem.Data.TransactionManager - Disposing session
2019-06-16 12:33:30,629 [6] XNuvem.Environment.DefaultShellEventHandler - On end request - http://localhost:8090/cadastros/student/index
2019-06-16 12:36:06,472 [1] XNuvem.UI.Navigation.DefaultMenuManager - ArgumentException thrown from IMenuProvider by Tecnu.Navigation.ModuleMenu
System.ArgumentException: Já foi adicionado um item com a mesma chave.
   em System.ThrowHelper.ThrowArgumentException(ExceptionResource resource)
   em System.Collections.Generic.Dictionary`2.Insert(TKey key, TValue value, Boolean add)
   em System.Collections.Generic.Dictionary`2.Add(TKey key, TValue value)
   em XNuvem.UI.Navigation.MenuBuilder.Add(MenuEntry menu) na D:\Projetos\Tecnu\XNuvem.Framework\UI\Navigation\MenuBuilder.cs:linha 30
   em XNuvem.UI.Navigation.MenuBuilderExtensions.AddGroup(MenuBuilder _this, String position, String title) na D:\Projetos\Tecnu\XNuvem.Framework\UI\Navigation\MenuBuilderExtensions.cs:linha 72
   em Tecnu.Navigation.ModuleMenu.BuildMenu(MenuBuilder builder) na D:\Projetos\Tecnu\XNuvem.Web\Modules\Tecnu\Navigation\ModuleMenu.cs:linha 15
   em XNuvem.UI.Navigation.DefaultMenuManager.<BuildMenu>b__7_0(IMenuProvider m) na D:\Projetos\Tecnu\XNuvem.Framework\UI\Navigation\DefaultMenuManager.cs:linha 23
   em XNuvem.Utility.Extensions.InvokeExtensions.Invoke[TEvents](IEnumerable`1 events, Action`1 dispatch, ILogger logger) na D:\Projetos\Tecnu\XNuvem.Framework\Utility\Extensions\InvokeExtensions.cs:linha 30
2019-06-16 12:36:06,524 [1] XNuvem.Environment.DefaultShellEventHandler - On application initialize
2019-06-16 12:36:06,681 [5] XNuvem.Environment.Configuration.ShellSettingsManager - Loading shell configurations
2019-06-16 12:36:06,884 [5] XNuvem.Environment.DefaultShellEventHandler - On begin request - http://localhost:8090/
2019-06-16 12:36:06,924 [5] XNuvem.Data.SessionFactoryHolder - Building session factory
2019-06-16 12:36:06,929 [5] XNuvem.Data.SessionFactoryHolder - Building configuration
2019-06-16 12:36:06,939 [5] XNuvem.Data.Providers.DefaultDataServiceProvider - Build database configuration
2019-06-16 12:36:06,944 [5] XNuvem.Data.Providers.SessionConfigurationCache - Get configuration cache
2019-06-16 12:36:06,960 [5] XNuvem.Data.Providers.SessionConfigurationCache - The cached NHibernate configuration is out of date. A new one will be re-generated.
2019-06-16 12:36:08,726 [5] XNuvem.Data.Providers.SessionConfigurationCache - Setting configuration cache
2019-06-16 12:36:08,943 [5] XNuvem.Data.Providers.DefaultDataServiceProvider - Done build database configuration
2019-06-16 12:36:08,948 [5] XNuvem.Data.SessionFactoryHolder - Done Building configuration
2019-06-16 12:36:09,496 [5] XNuvem.Data.SessionFactoryHolder - Done building session factory
2019-06-16 12:36:09,504 [5] XNuvem.Data.TransactionManager - Opening NHibernate session
2019-06-16 12:36:10,921 [7] XNuvem.Security.XNuvemUserService - Creating identity for user George
2019-06-16 12:36:19,867 [7] XNuvem.Data.TransactionManager - Committing transaction
2019-06-16 12:36:19,890 [7] XNuvem.Data.TransactionManager - Disposing session
2019-06-16 12:36:19,948 [7] XNuvem.Environment.DefaultShellEventHandler - On end request - http://localhost:8090/
2019-06-16 12:36:24,746 [5] XNuvem.Environment.DefaultShellEventHandler - On begin request - http://localhost:8090/cadastros/student/index
2019-06-16 12:36:24,753 [5] XNuvem.Data.SessionFactoryHolder - Building session factory
2019-06-16 12:36:24,758 [5] XNuvem.Data.SessionFactoryHolder - Building configuration
2019-06-16 12:36:24,762 [5] XNuvem.Data.Providers.DefaultDataServiceProvider - Build database configuration
2019-06-16 12:36:24,767 [5] XNuvem.Data.Providers.SessionConfigurationCache - Get configuration cache
2019-06-16 12:36:24,841 [5] XNuvem.Data.SessionFactoryHolder - Done Building configuration
2019-06-16 12:36:24,862 [5] XNuvem.Data.SessionFactoryHolder - Done building session factory
2019-06-16 12:36:24,866 [5] XNuvem.Data.TransactionManager - Opening NHibernate session
2019-06-16 12:36:25,024 [5] XNuvem.Exceptions.DefaultPolicyException - Erro inesperado ao executar uma operação
System.Configuration.ConfigurationErrorsException: Não foi possível carregar arquivo ou assembly 'System.Web.Mvc, Version=5.2.4.0, Culture=neutral, PublicKeyToken=31bf3856ad364e35' ou uma de suas dependências. A definição do manifesto do assembly localizado não corresponde à referência do assembly. (Exceção de HRESULT: 0x80131040) (D:\Projetos\Tecnu\XNuvem.Web\modules\tecnu\views\web.config line 39) ---> System.IO.FileLoadException: Não foi possível carregar arquivo ou assembly 'System.Web.Mvc, Version=5.2.4.0, Culture=neutral, PublicKeyToken=31bf3856ad364e35' ou uma de suas dependências. A definição do manifesto do assembly localizado não corresponde à referência do assembly. (Exceção de HRESULT: 0x80131040)
   em System.Reflection.RuntimeAssembly._nLoad(AssemblyName fileName, String codeBase, Evidence assemblySecurity, RuntimeAssembly locationHint, StackCrawlMark& stackMark, IntPtr pPrivHostBinder, Boolean throwOnFileNotFound, Boolean forIntrospection, Boolean suppressSecurityChecks)
   em System.Reflection.RuntimeAssembly.nLoad(AssemblyName fileName, String codeBase, Evidence assemblySecurity, RuntimeAssembly locationHint, StackCrawlMark& stackMark, IntPtr pPrivHostBinder, Boolean throwOnFileNotFound, Boolean forIntrospection, Boolean suppressSecurityChecks)
   em System.Reflection.RuntimeAssembly.InternalLoadAssemblyName(AssemblyName assemblyRef, Evidence assemblySecurity, RuntimeAssembly reqAssembly, StackCrawlMark& stackMark, IntPtr pPrivHostBinder, Boolean throwOnFileNotFound, Boolean forIntrospection, Boolean suppressSecurityChecks)
   em System.Reflection.RuntimeAssembly.InternalLoad(String assemblyString, Evidence assemblySecurity, StackCrawlMark& stackMark, IntPtr pPrivHostBinder, Boolean forIntrospection)
   em System.Reflection.RuntimeAssembly.InternalLoad(String assemblyString, Evidence assemblySecurity, StackCrawlMark& stackMark, Boolean forIntrospection)
   em System.Reflection.Assembly.Load(String assemblyString)
   em System.Web.Configuration.CompilationSection.LoadAssemblyHelper(String assemblyName, Boolean starDirective)
   --- Fim do rastreamento de pilha de exceções internas ---
   em System.Web.Configuration.CompilationSection.LoadAssemblyHelper(String assemblyName, Boolean starDirective)
   em System.Web.Configuration.CompilationSection.LoadAssembly(AssemblyInfo ai)
   em System.Web.Compilation.BuildManager.GetReferencedAssemblies(CompilationSection compConfig)
   em System.Web.Compilation.WebDirectoryBatchCompiler..ctor(VirtualDirectory vdir)
   em System.Web.Compilation.BuildManager.BatchCompileWebDirectoryInternal(VirtualDirectory vdir, Boolean ignoreErrors)
   em System.Web.Compilation.BuildManager.BatchCompileWebDirectory(VirtualDirectory vdir, VirtualPath virtualDir, Boolean ignoreErrors)
   em System.Web.Compilation.BuildManager.CompileWebFile(VirtualPath virtualPath)
   em System.Web.Compilation.BuildManager.GetVPathBuildResultInternal(VirtualPath virtualPath, Boolean noBuild, Boolean allowCrossApp, Boolean allowBuildInPrecompile, Boolean throwIfNotFound, Boolean ensureIsUpToDate)
   em System.Web.Compilation.BuildManager.GetVPathBuildResultWithNoAssert(HttpContext context, VirtualPath virtualPath, Boolean noBuild, Boolean allowCrossApp, Boolean allowBuildInPrecompile, Boolean throwIfNotFound, Boolean ensureIsUpToDate)
   em System.Web.Compilation.BuildManager.GetVirtualPathObjectFactory(VirtualPath virtualPath, HttpContext context, Boolean allowCrossApp, Boolean throwIfNotFound)
   em System.Web.Compilation.BuildManager.GetCompiledType(VirtualPath virtualPath)
   em System.Web.Compilation.BuildManager.GetCompiledType(String virtualPath)
   em System.Web.Mvc.BuildManagerWrapper.System.Web.Mvc.IBuildManager.GetCompiledType(String virtualPath)
   em System.Web.Mvc.BuildManagerCompiledView.Render(ViewContext viewContext, TextWriter writer)
   em System.Web.Mvc.ViewResultBase.ExecuteResult(ControllerContext context)
   em System.Web.Mvc.ControllerActionInvoker.InvokeActionResult(ControllerContext controllerContext, ActionResult actionResult)
   em System.Web.Mvc.ControllerActionInvoker.InvokeActionResultFilterRecursive(IList`1 filters, Int32 filterIndex, ResultExecutingContext preContext, ControllerContext controllerContext, ActionResult actionResult)
   em System.Web.Mvc.ControllerActionInvoker.InvokeActionResultFilterRecursive(IList`1 filters, Int32 filterIndex, ResultExecutingContext preContext, ControllerContext controllerContext, ActionResult actionResult)
   em System.Web.Mvc.ControllerActionInvoker.InvokeActionResultWithFilters(ControllerContext controllerContext, IList`1 filters, ActionResult actionResult)
   em System.Web.Mvc.Async.AsyncControllerActionInvoker.<>c__DisplayClass21.<>c__DisplayClass2b.<BeginInvokeAction>b__1c()
   em System.Web.Mvc.Async.AsyncControllerActionInvoker.<>c__DisplayClass21.<BeginInvokeAction>b__1e(IAsyncResult asyncResult)
2019-06-16 12:36:25,040 [5] XNuvem.Exceptions.DefaultPolicyException - Canceling transaction due to an error
2019-06-16 12:36:25,046 [5] XNuvem.Data.TransactionManager - Rolling back transaction
2019-06-16 12:36:25,059 [5] XNuvem.Data.TransactionManager - Disposing session
2019-06-16 12:36:28,928 [5] XNuvem.Environment.DefaultShellEventHandler - On end request - http://localhost:8090/cadastros/student/index
2019-06-16 12:39:28,265 [1] XNuvem.UI.Navigation.DefaultMenuManager - ArgumentException thrown from IMenuProvider by Tecnu.Navigation.ModuleMenu
System.ArgumentException: Já foi adicionado um item com a mesma chave.
   em System.ThrowHelper.ThrowArgumentException(ExceptionResource resource)
   em System.Collections.Generic.Dictionary`2.Insert(TKey key, TValue value, Boolean add)
   em System.Collections.Generic.Dictionary`2.Add(TKey key, TValue value)
   em XNuvem.UI.Navigation.MenuBuilder.Add(MenuEntry menu) na D:\Projetos\Tecnu\XNuvem.Framework\UI\Navigation\MenuBuilder.cs:linha 30
   em XNuvem.UI.Navigation.MenuBuilderExtensions.AddGroup(MenuBuilder _this, String position, String title) na D:\Projetos\Tecnu\XNuvem.Framework\UI\Navigation\MenuBuilderExtensions.cs:linha 72
   em Tecnu.Navigation.ModuleMenu.BuildMenu(MenuBuilder builder) na D:\Projetos\Tecnu\XNuvem.Web\Modules\Tecnu\Navigation\ModuleMenu.cs:linha 15
   em XNuvem.UI.Navigation.DefaultMenuManager.<BuildMenu>b__7_0(IMenuProvider m) na D:\Projetos\Tecnu\XNuvem.Framework\UI\Navigation\DefaultMenuManager.cs:linha 23
   em XNuvem.Utility.Extensions.InvokeExtensions.Invoke[TEvents](IEnumerable`1 events, Action`1 dispatch, ILogger logger) na D:\Projetos\Tecnu\XNuvem.Framework\Utility\Extensions\InvokeExtensions.cs:linha 30
2019-06-16 12:39:28,314 [1] XNuvem.Environment.DefaultShellEventHandler - On application initialize
2019-06-16 12:39:28,448 [5] XNuvem.Environment.Configuration.ShellSettingsManager - Loading shell configurations
2019-06-16 12:39:28,632 [5] XNuvem.Environment.DefaultShellEventHandler - On begin request - http://localhost:8090/
2019-06-16 12:39:28,667 [5] XNuvem.Data.SessionFactoryHolder - Building session factory
2019-06-16 12:39:28,672 [5] XNuvem.Data.SessionFactoryHolder - Building configuration
2019-06-16 12:39:28,683 [5] XNuvem.Data.Providers.DefaultDataServiceProvider - Build database configuration
2019-06-16 12:39:28,688 [5] XNuvem.Data.Providers.SessionConfigurationCache - Get configuration cache
2019-06-16 12:39:28,713 [5] XNuvem.Data.Providers.SessionConfigurationCache - The cached NHibernate configuration is out of date. A new one will be re-generated.
2019-06-16 12:39:30,518 [5] XNuvem.Data.Providers.SessionConfigurationCache - Setting configuration cache
2019-06-16 12:39:30,757 [5] XNuvem.Data.Providers.DefaultDataServiceProvider - Done build database configuration
2019-06-16 12:39:30,764 [5] XNuvem.Data.SessionFactoryHolder - Done Building configuration
2019-06-16 12:39:31,297 [5] XNuvem.Data.SessionFactoryHolder - Done building session factory
2019-06-16 12:39:31,305 [5] XNuvem.Data.TransactionManager - Opening NHibernate session
2019-06-16 12:39:43,321 [5] XNuvem.Data.TransactionManager - Committing transaction
2019-06-16 12:39:43,439 [5] XNuvem.Data.TransactionManager - Disposing session
2019-06-16 12:39:43,484 [5] XNuvem.Environment.DefaultShellEventHandler - On end request - http://localhost:8090/
2019-06-16 12:39:46,149 [5] XNuvem.Environment.DefaultShellEventHandler - On begin request - http://localhost:8090/cadastros/student/index
2019-06-16 12:39:46,162 [5] XNuvem.Data.SessionFactoryHolder - Building session factory
2019-06-16 12:39:46,167 [5] XNuvem.Data.SessionFactoryHolder - Building configuration
2019-06-16 12:39:46,172 [5] XNuvem.Data.Providers.DefaultDataServiceProvider - Build database configuration
2019-06-16 12:39:46,181 [5] XNuvem.Data.Providers.SessionConfigurationCache - Get configuration cache
2019-06-16 12:39:46,304 [5] XNuvem.Data.SessionFactoryHolder - Done Building configuration
2019-06-16 12:39:46,350 [5] XNuvem.Data.SessionFactoryHolder - Done building session factory
2019-06-16 12:39:46,354 [5] XNuvem.Data.TransactionManager - Opening NHibernate session
2019-06-16 12:39:51,322 [5] XNuvem.Data.TransactionManager - Committing transaction
2019-06-16 12:39:51,334 [5] XNuvem.Data.TransactionManager - Disposing session
2019-06-16 12:39:51,339 [5] XNuvem.Environment.DefaultShellEventHandler - On end request - http://localhost:8090/cadastros/student/index
2019-06-16 12:39:51,975 [7] XNuvem.Environment.DefaultShellEventHandler - On begin request - http://localhost:8090/cadastros/student/studentlist
2019-06-16 12:39:51,985 [7] XNuvem.Data.SessionFactoryHolder - Building session factory
2019-06-16 12:39:51,989 [7] XNuvem.Data.SessionFactoryHolder - Building configuration
2019-06-16 12:39:51,995 [7] XNuvem.Data.Providers.DefaultDataServiceProvider - Build database configuration
2019-06-16 12:39:52,004 [7] XNuvem.Data.Providers.SessionConfigurationCache - Get configuration cache
2019-06-16 12:39:52,047 [7] XNuvem.Data.SessionFactoryHolder - Done Building configuration
2019-06-16 12:39:52,102 [7] XNuvem.Data.SessionFactoryHolder - Done building session factory
2019-06-16 12:39:52,106 [7] XNuvem.Data.TransactionManager - Opening NHibernate session
2019-06-16 12:39:52,311 [7] XNuvem.Data.TransactionManager - Committing transaction
2019-06-16 12:39:52,318 [7] XNuvem.Data.TransactionManager - Disposing session
2019-06-16 12:39:52,322 [7] XNuvem.Environment.DefaultShellEventHandler - On end request - http://localhost:8090/cadastros/student/studentlist
2019-06-16 12:52:08,355 [1] XNuvem.Environment.DefaultShellEventHandler - On application initialize
2019-06-16 12:52:08,545 [5] XNuvem.Environment.Configuration.ShellSettingsManager - Loading shell configurations
2019-06-16 12:52:08,735 [5] XNuvem.Environment.DefaultShellEventHandler - On begin request - http://localhost:8090/
2019-06-16 12:52:08,767 [5] XNuvem.Data.SessionFactoryHolder - Building session factory
2019-06-16 12:52:08,772 [5] XNuvem.Data.SessionFactoryHolder - Building configuration
2019-06-16 12:52:08,779 [5] XNuvem.Data.Providers.DefaultDataServiceProvider - Build database configuration
2019-06-16 12:52:08,783 [5] XNuvem.Data.Providers.SessionConfigurationCache - Get configuration cache
2019-06-16 12:52:08,795 [5] XNuvem.Data.Providers.SessionConfigurationCache - The cached NHibernate configuration is out of date. A new one will be re-generated.
2019-06-16 12:52:10,508 [5] XNuvem.Data.Providers.SessionConfigurationCache - Setting configuration cache
2019-06-16 12:52:10,720 [5] XNuvem.Data.Providers.DefaultDataServiceProvider - Done build database configuration
2019-06-16 12:52:10,728 [5] XNuvem.Data.SessionFactoryHolder - Done Building configuration
2019-06-16 12:52:11,271 [5] XNuvem.Data.SessionFactoryHolder - Done building session factory
2019-06-16 12:52:11,275 [5] XNuvem.Data.TransactionManager - Opening NHibernate session
2019-06-16 12:52:12,663 [8] XNuvem.Security.XNuvemUserService - Creating identity for user George
2019-06-16 12:52:21,423 [5] XNuvem.Data.TransactionManager - Committing transaction
2019-06-16 12:52:21,454 [5] XNuvem.Data.TransactionManager - Disposing session
2019-06-16 12:52:21,535 [5] XNuvem.Environment.DefaultShellEventHandler - On end request - http://localhost:8090/
2019-06-16 12:52:25,676 [6] XNuvem.Environment.DefaultShellEventHandler - On begin request - http://localhost:8090/cadastros/student/index
2019-06-16 12:52:25,684 [6] XNuvem.Data.SessionFactoryHolder - Building session factory
2019-06-16 12:52:25,689 [6] XNuvem.Data.SessionFactoryHolder - Building configuration
2019-06-16 12:52:25,695 [6] XNuvem.Data.Providers.DefaultDataServiceProvider - Build database configuration
2019-06-16 12:52:25,700 [6] XNuvem.Data.Providers.SessionConfigurationCache - Get configuration cache
2019-06-16 12:52:25,802 [6] XNuvem.Data.SessionFactoryHolder - Done Building configuration
2019-06-16 12:52:25,825 [6] XNuvem.Data.SessionFactoryHolder - Done building session factory
2019-06-16 12:52:25,841 [6] XNuvem.Data.TransactionManager - Opening NHibernate session
2019-06-16 12:52:30,477 [6] XNuvem.Data.TransactionManager - Committing transaction
2019-06-16 12:52:30,485 [6] XNuvem.Data.TransactionManager - Disposing session
2019-06-16 12:52:30,489 [6] XNuvem.Environment.DefaultShellEventHandler - On end request - http://localhost:8090/cadastros/student/index
2019-06-16 12:52:31,187 [7] XNuvem.Environment.DefaultShellEventHandler - On begin request - http://localhost:8090/cadastros/student/studentlist
2019-06-16 12:52:31,200 [7] XNuvem.Data.SessionFactoryHolder - Building session factory
2019-06-16 12:52:31,204 [7] XNuvem.Data.SessionFactoryHolder - Building configuration
2019-06-16 12:52:31,210 [7] XNuvem.Data.Providers.DefaultDataServiceProvider - Build database configuration
2019-06-16 12:52:31,216 [7] XNuvem.Data.Providers.SessionConfigurationCache - Get configuration cache
2019-06-16 12:52:31,255 [7] XNuvem.Data.SessionFactoryHolder - Done Building configuration
2019-06-16 12:52:31,291 [7] XNuvem.Data.SessionFactoryHolder - Done building session factory
2019-06-16 12:52:31,294 [7] XNuvem.Data.TransactionManager - Opening NHibernate session
2019-06-16 12:52:31,510 [8] XNuvem.Data.TransactionManager - Committing transaction
2019-06-16 12:52:31,517 [8] XNuvem.Data.TransactionManager - Disposing session
2019-06-16 12:52:31,521 [8] XNuvem.Environment.DefaultShellEventHandler - On end request - http://localhost:8090/cadastros/student/studentlist
